Date: 23/01/2021 21:02:25
===============
Quantum Package
===============

Git Commit: merged alors
Git Date  : Sun Nov 8 18:27:57 2020 +0100
Git SHA1  : 2a6581b5fa3146ed2bf8a35d8a8dcfa80a12836f
EZFIO Dir : BH_HF.ezfio


Task server running : tcp://192.168.100.135:41279
.. >>>>> [ IO READ: read_wf ] <<<<< ..

.. >>>>> [ RES  MEM :       0.002327 GB ] [ VIRT MEM :       0.045437 GB ] <<<<< ..
.. >>>>> [ WALL TIME:       0.000394  s ] [ CPU  TIME:       0.012810  s ] <<<<< ..

.. >>>>> [ IO READ: n_states ] <<<<< ..

.. >>>>> [ RES  MEM :       0.002571 GB ] [ VIRT MEM :       0.045437 GB ] <<<<< ..
.. >>>>> [ WALL TIME:       0.001645  s ] [ CPU  TIME:       0.013223  s ] <<<<< ..

.. >>>>> [ IO READ: nucl_num ] <<<<< ..

.. >>>>> [ RES  MEM :       0.002571 GB ] [ VIRT MEM :       0.045437 GB ] <<<<< ..
.. >>>>> [ WALL TIME:       0.003724  s ] [ CPU  TIME:       0.013718  s ] <<<<< ..

.. >>>>> [ IO READ: nucl_charge ] <<<<< ..

.. >>>>> [ RES  MEM :       0.002705 GB ] [ VIRT MEM :       0.137291 GB ] <<<<< ..
.. >>>>> [ WALL TIME:       0.015122  s ] [ CPU  TIME:       0.121310  s ] <<<<< ..

.. >>>>> [ IO READ: nucl_label ] <<<<< ..

.. >>>>> [ RES  MEM :       0.002892 GB ] [ VIRT MEM :       0.137291 GB ] <<<<< ..
.. >>>>> [ WALL TIME:       0.024124  s ] [ CPU  TIME:       0.215431  s ] <<<<< ..


.. >>>>> [ RES  MEM :       0.002892 GB ] [ VIRT MEM :       0.387291 GB ] <<<<< ..
.. >>>>> [ WALL TIME:       0.031532  s ] [ CPU  TIME:       0.299756  s ] <<<<< ..


Nuclear Coordinates (Angstroms)
===============================

================ ============ ============ ============ ============
      Atom          Charge          X            Y            Z 
================ ============ ============ ============ ============
B                    5.000000     0.000000     0.000000     0.000000
H                    1.000000     0.000000     0.000000     1.232400
================ ============ ============ ============ ============

Minimal interatomic distance found:       1.2324 Angstrom
 * mo_label          Canonical
* Number of determinants                                         1
* mo_num                                                        32
* N_int                                                          1
.. >>>>> [ IO READ: elec_beta_num ] <<<<< ..

.. >>>>> [ RES  MEM :       0.002892 GB ] [ VIRT MEM :       0.387291 GB ] <<<<< ..
.. >>>>> [ WALL TIME:       0.043821  s ] [ CPU  TIME:       0.414902  s ] <<<<< ..

.. >>>>> [ IO READ: elec_alpha_num ] <<<<< ..

.. >>>>> [ RES  MEM :       0.002892 GB ] [ VIRT MEM :       0.387291 GB ] <<<<< ..
.. >>>>> [ WALL TIME:       0.044824  s ] [ CPU  TIME:       0.415884  s ] <<<<< ..

.. >>>>> [ IO READ: ao_num ] <<<<< ..

.. >>>>> [ RES  MEM :       0.002892 GB ] [ VIRT MEM :       0.387291 GB ] <<<<< ..
.. >>>>> [ WALL TIME:       0.046525  s ] [ CPU  TIME:       0.415884  s ] <<<<< ..

 Read  mo_coef
* Dimension of the psi arrays                               100000
* Number of unique beta determinants                             1
* Number of unique alpha determinants                            1
.. >>>>> [ IO READ: ao_prim_num ] <<<<< ..

.. >>>>> [ RES  MEM :       0.005413 GB ] [ VIRT MEM :       1.019760 GB ] <<<<< ..
.. >>>>> [ WALL TIME:       0.121680  s ] [ CPU  TIME:       1.334370  s ] <<<<< ..

.. >>>>> [ IO READ: ao_normalized ] <<<<< ..

.. >>>>> [ RES  MEM :       0.005413 GB ] [ VIRT MEM :       1.019760 GB ] <<<<< ..
.. >>>>> [ WALL TIME:       0.123195  s ] [ CPU  TIME:       1.348866  s ] <<<<< ..

.. >>>>> [ IO READ: primitives_normalized ] <<<<< ..

.. >>>>> [ RES  MEM :       0.005413 GB ] [ VIRT MEM :       1.019760 GB ] <<<<< ..
.. >>>>> [ WALL TIME:       0.124279  s ] [ CPU  TIME:       1.351241  s ] <<<<< ..

.. >>>>> [ IO READ: ao_coef ] <<<<< ..

.. >>>>> [ RES  MEM :       0.005444 GB ] [ VIRT MEM :       1.019760 GB ] <<<<< ..
.. >>>>> [ WALL TIME:       0.132890  s ] [ CPU  TIME:       1.412672  s ] <<<<< ..

.. >>>>> [ IO READ: ao_power ] <<<<< ..

.. >>>>> [ RES  MEM :       0.005444 GB ] [ VIRT MEM :       1.019760 GB ] <<<<< ..
.. >>>>> [ WALL TIME:       0.140764  s ] [ CPU  TIME:       1.468979  s ] <<<<< ..

.. >>>>> [ IO READ: ao_expo ] <<<<< ..

.. >>>>> [ RES  MEM :       0.005447 GB ] [ VIRT MEM :       1.019760 GB ] <<<<< ..
.. >>>>> [ WALL TIME:       0.147500  s ] [ CPU  TIME:       1.515895  s ] <<<<< ..

.. >>>>> [ IO READ: ao_nucl ] <<<<< ..

.. >>>>> [ RES  MEM :       0.005581 GB ] [ VIRT MEM :       1.019886 GB ] <<<<< ..
.. >>>>> [ WALL TIME:       0.153464  s ] [ CPU  TIME:       1.567946  s ] <<<<< ..

 electron part for z_dipole =   -1.6409416657921276     
 nuclei   part for z_dipole =    2.3288984759139821     
 Time for the z_dipole_moment integration :   6.3600000000008095E-004
 
 
 ****************************************
 z_dipole_moment                  =   0.68795681012185450     
 ****************************************
Wall time: 0:00:02

