Date: 06/03/2020 15:25:10
===============
Quantum Package
===============

Git Commit: Python2 in resultsFile
Git Date  : Wed Feb 12 15:31:40 2020 -0600
Git SHA1  : a2794cbb33cae2152fefd67133f510d388a44c77
EZFIO Dir : he.ezfio


Task server running : tcp://127.0.1.1:41279
* mo_num                                                        14
.. >>>>> [ IO READ: mo_class ] <<<<< ..

.. >>>>> [ RES  MEM :       0.005245 GB ] [ VIRT MEM :       0.253910 GB ] <<<<< ..
.. >>>>> [ WALL TIME:       0.000374  s ] [ CPU  TIME:       0.009735  s ] <<<<< ..

.. >>>>> [ IO READ: io_mo_two_e_integrals ] <<<<< ..

.. >>>>> [ RES  MEM :       0.005245 GB ] [ VIRT MEM :       0.253910 GB ] <<<<< ..
.. >>>>> [ WALL TIME:       0.000854  s ] [ CPU  TIME:       0.010828  s ] <<<<< ..

* N_int                                                          1
 MO map initialized:                  5565
.. >>>>> [ IO READ: io_ao_two_e_integrals ] <<<<< ..

.. >>>>> [ RES  MEM :       0.005245 GB ] [ VIRT MEM :       0.253910 GB ] <<<<< ..
.. >>>>> [ WALL TIME:       0.001412  s ] [ CPU  TIME:       0.012064  s ] <<<<< ..

.. >>>>> [ IO READ: ao_num ] <<<<< ..

.. >>>>> [ RES  MEM :       0.005245 GB ] [ VIRT MEM :       0.253910 GB ] <<<<< ..
.. >>>>> [ WALL TIME:       0.001870  s ] [ CPU  TIME:       0.012776  s ] <<<<< ..

 AO map initialized :                  7260
.. >>>>> [ IO READ: ao_power ] <<<<< ..

.. >>>>> [ RES  MEM :       0.005245 GB ] [ VIRT MEM :       0.253910 GB ] <<<<< ..
.. >>>>> [ WALL TIME:       0.003519  s ] [ CPU  TIME:       0.019486  s ] <<<<< ..

.. >>>>> [ IO READ: ao_prim_num ] <<<<< ..

.. >>>>> [ RES  MEM :       0.005245 GB ] [ VIRT MEM :       0.253910 GB ] <<<<< ..
.. >>>>> [ WALL TIME:       0.004043  s ] [ CPU  TIME:       0.021310  s ] <<<<< ..

.. >>>>> [ IO READ: ao_expo ] <<<<< ..

.. >>>>> [ RES  MEM :       0.005245 GB ] [ VIRT MEM :       0.253910 GB ] <<<<< ..
.. >>>>> [ WALL TIME:       0.004633  s ] [ CPU  TIME:       0.022768  s ] <<<<< ..

.. >>>>> [ IO READ: ao_coef ] <<<<< ..

.. >>>>> [ RES  MEM :       0.005245 GB ] [ VIRT MEM :       0.253910 GB ] <<<<< ..
.. >>>>> [ WALL TIME:       0.005194  s ] [ CPU  TIME:       0.024147  s ] <<<<< ..

.. >>>>> [ IO READ: ao_nucl ] <<<<< ..

.. >>>>> [ RES  MEM :       0.005245 GB ] [ VIRT MEM :       0.253910 GB ] <<<<< ..
.. >>>>> [ WALL TIME:       0.005923  s ] [ CPU  TIME:       0.026025  s ] <<<<< ..

 Providing the AO integrals
.. >>>>> [ IO READ: nucl_num ] <<<<< ..

.. >>>>> [ RES  MEM :       0.006172 GB ] [ VIRT MEM :       0.402485 GB ] <<<<< ..
.. >>>>> [ WALL TIME:       0.019178  s ] [ CPU  TIME:       0.061880  s ] <<<<< ..

.. >>>>> [ IO READ: nucl_label ] <<<<< ..

.. >>>>> [ RES  MEM :       0.006172 GB ] [ VIRT MEM :       0.402485 GB ] <<<<< ..
.. >>>>> [ WALL TIME:       0.019564  s ] [ CPU  TIME:       0.062206  s ] <<<<< ..

.. >>>>> [ IO READ: nucl_charge ] <<<<< ..

.. >>>>> [ RES  MEM :       0.006172 GB ] [ VIRT MEM :       0.402485 GB ] <<<<< ..
.. >>>>> [ WALL TIME:       0.019875  s ] [ CPU  TIME:       0.062478  s ] <<<<< ..


.. >>>>> [ RES  MEM :       0.006172 GB ] [ VIRT MEM :       0.402485 GB ] <<<<< ..
.. >>>>> [ WALL TIME:       0.020241  s ] [ CPU  TIME:       0.062782  s ] <<<<< ..


Nuclear Coordinates (Angstroms)
===============================

================ ============ ============ ============ ============
      Atom          Charge          X            Y            Z 
================ ============ ============ ============ ============
He                   2.000000     0.000000     0.000000     0.000000
================ ============ ============ ============ ============

.. >>>>> [ IO READ: ao_integrals_threshold ] <<<<< ..

.. >>>>> [ RES  MEM :       0.006172 GB ] [ VIRT MEM :       0.402485 GB ] <<<<< ..
.. >>>>> [ WALL TIME:       0.023478  s ] [ CPU  TIME:       0.066030  s ] <<<<< ..

 Sorting the map
 AO integrals provided:
  Size of AO map :            1.5310287475585938E-002 MB
  Number of AO integrals :                 1188
  cpu  time :   8.8411000000000003E-002 s
  wall time :   4.9751335998735158E-002 s  ( x    1.7770578060908295       )
 
 AO -> MO integrals transformation
 ---------------------------------
 
 Read  mo_coef
.. >>>>> [ IO READ: mo_integrals_threshold ] <<<<< ..

.. >>>>> [ RES  MEM :       0.006779 GB ] [ VIRT MEM :       0.464985 GB ] <<<<< ..
.. >>>>> [ WALL TIME:       0.060300  s ] [ CPU  TIME:       0.127652  s ] <<<<< ..

 Buffers :   0.101615906     MB / core
 Molecular integrals provided:
  Size of MO map              5.4267883300781250E-002 MB
  Number of MO integrals:                  2832
  cpu  time :   4.4175999999999993E-002 s
  wall time :   1.4109896001173183E-002 s  ( x    3.1308522753340582      )
.. >>>>> [ IO READ: n_states ] <<<<< ..

.. >>>>> [ RES  MEM :       0.009186 GB ] [ VIRT MEM :       0.589989 GB ] <<<<< ..
.. >>>>> [ WALL TIME:       0.070453  s ] [ CPU  TIME:       0.164240  s ] <<<<< ..

 * mo_label          Canonical
.. >>>>> [ IO READ: read_wf ] <<<<< ..

.. >>>>> [ RES  MEM :       0.009186 GB ] [ VIRT MEM :       0.589989 GB ] <<<<< ..
.. >>>>> [ WALL TIME:       0.070785  s ] [ CPU  TIME:       0.164973  s ] <<<<< ..

* Number of determinants                                         1
* Dimension of the psi arrays                               100000
.. >>>>> [ IO READ: elec_beta_num ] <<<<< ..

.. >>>>> [ RES  MEM :       0.009937 GB ] [ VIRT MEM :       0.590736 GB ] <<<<< ..
.. >>>>> [ WALL TIME:       0.071881  s ] [ CPU  TIME:       0.171794  s ] <<<<< ..

.. >>>>> [ IO READ: elec_alpha_num ] <<<<< ..

.. >>>>> [ RES  MEM :       0.009937 GB ] [ VIRT MEM :       0.590736 GB ] <<<<< ..
.. >>>>> [ WALL TIME:       0.072148  s ] [ CPU  TIME:       0.172358  s ] <<<<< ..

.. >>>>> [ IO READ: do_pt2 ] <<<<< ..

.. >>>>> [ RES  MEM :       0.011448 GB ] [ VIRT MEM :       0.592228 GB ] <<<<< ..
.. >>>>> [ WALL TIME:       0.076879  s ] [ CPU  TIME:       0.190214  s ] <<<<< ..


.. >>>>> [ RES  MEM :       0.011673 GB ] [ VIRT MEM :       0.592285 GB ] <<<<< ..
.. >>>>> [ WALL TIME:       0.079229  s ] [ CPU  TIME:       0.199166  s ] <<<<< ..

.. >>>>> [ IO READ: selection_factor ] <<<<< ..

.. >>>>> [ RES  MEM :       0.011673 GB ] [ VIRT MEM :       0.592285 GB ] <<<<< ..
.. >>>>> [ WALL TIME:       0.079499  s ] [ CPU  TIME:       0.199570  s ] <<<<< ..

.. >>>>> [ IO READ: n_det_max ] <<<<< ..

.. >>>>> [ RES  MEM :       0.011673 GB ] [ VIRT MEM :       0.593777 GB ] <<<<< ..
.. >>>>> [ WALL TIME:       0.079981  s ] [ CPU  TIME:       0.201432  s ] <<<<< ..

.. >>>>> [ IO READ: s2_eig ] <<<<< ..

.. >>>>> [ RES  MEM :       0.012417 GB ] [ VIRT MEM :       0.594536 GB ] <<<<< ..
.. >>>>> [ WALL TIME:       0.081437  s ] [ CPU  TIME:       0.204287  s ] <<<<< ..

.. >>>>> [ IO READ: variance_max ] <<<<< ..

.. >>>>> [ RES  MEM :       0.012417 GB ] [ VIRT MEM :       0.594536 GB ] <<<<< ..
.. >>>>> [ WALL TIME:       0.081725  s ] [ CPU  TIME:       0.204726  s ] <<<<< ..

.. >>>>> [ IO READ: distributed_davidson ] <<<<< ..

.. >>>>> [ RES  MEM :       0.012417 GB ] [ VIRT MEM :       0.594536 GB ] <<<<< ..
.. >>>>> [ WALL TIME:       0.082118  s ] [ CPU  TIME:       0.205265  s ] <<<<< ..

.. >>>>> [ IO READ: n_det_max_full ] <<<<< ..

.. >>>>> [ RES  MEM :       0.012417 GB ] [ VIRT MEM :       0.594536 GB ] <<<<< ..
.. >>>>> [ WALL TIME:       0.082384  s ] [ CPU  TIME:       0.205660  s ] <<<<< ..

.. >>>>> [ IO READ: io_mo_integrals_e_n ] <<<<< ..

.. >>>>> [ RES  MEM :       0.014328 GB ] [ VIRT MEM :       2.469536 GB ] <<<<< ..
.. >>>>> [ WALL TIME:       0.099227  s ] [ CPU  TIME:       0.257855  s ] <<<<< ..

.. >>>>> [ IO READ: io_ao_integrals_e_n ] <<<<< ..

.. >>>>> [ RES  MEM :       0.014328 GB ] [ VIRT MEM :       2.469536 GB ] <<<<< ..
.. >>>>> [ WALL TIME:       0.099635  s ] [ CPU  TIME:       0.258460  s ] <<<<< ..

.. >>>>> [ IO READ: io_mo_integrals_kinetic ] <<<<< ..

.. >>>>> [ RES  MEM :       0.014328 GB ] [ VIRT MEM :       2.469536 GB ] <<<<< ..
.. >>>>> [ WALL TIME:       0.101549  s ] [ CPU  TIME:       0.266574  s ] <<<<< ..

.. >>>>> [ IO READ: io_ao_integrals_kinetic ] <<<<< ..

.. >>>>> [ RES  MEM :       0.014328 GB ] [ VIRT MEM :       2.469536 GB ] <<<<< ..
.. >>>>> [ WALL TIME:       0.101935  s ] [ CPU  TIME:       0.267089  s ] <<<<< ..

.. >>>>> [ IO READ: io_mo_one_e_integrals ] <<<<< ..

.. >>>>> [ RES  MEM :       0.014328 GB ] [ VIRT MEM :       2.469536 GB ] <<<<< ..
.. >>>>> [ WALL TIME:       0.105142  s ] [ CPU  TIME:       0.276826  s ] <<<<< ..

 Providing the one-electron integrals
.. >>>>> [ IO READ: do_pseudo ] <<<<< ..

.. >>>>> [ RES  MEM :       0.014328 GB ] [ VIRT MEM :       2.469536 GB ] <<<<< ..
.. >>>>> [ WALL TIME:       0.105864  s ] [ CPU  TIME:       0.277702  s ] <<<<< ..

.. >>>>> [ IO READ: pt2_relative_error ] <<<<< ..

.. >>>>> [ RES  MEM :       0.014328 GB ] [ VIRT MEM :       2.469536 GB ] <<<<< ..
.. >>>>> [ WALL TIME:       0.106372  s ] [ CPU  TIME:       0.278434  s ] <<<<< ..

.. >>>>> [ IO READ: correlation_energy_ratio_max ] <<<<< ..

.. >>>>> [ RES  MEM :       0.014328 GB ] [ VIRT MEM :       2.469536 GB ] <<<<< ..
.. >>>>> [ WALL TIME:       0.106831  s ] [ CPU  TIME:       0.281045  s ] <<<<< ..


.. >>>>> [ RES  MEM :       0.014328 GB ] [ VIRT MEM :       2.469536 GB ] <<<<< ..
.. >>>>> [ WALL TIME:       0.107119  s ] [ CPU  TIME:       0.281462  s ] <<<<< ..

 Read  n_states_diag
.. >>>>> [ IO READ: io_nuclear_repulsion ] <<<<< ..

.. >>>>> [ RES  MEM :       0.014328 GB ] [ VIRT MEM :       2.469536 GB ] <<<<< ..
.. >>>>> [ WALL TIME:       0.107490  s ] [ CPU  TIME:       0.281950  s ] <<<<< ..


.. >>>>> [ RES  MEM :       0.014328 GB ] [ VIRT MEM :       2.469536 GB ] <<<<< ..
.. >>>>> [ WALL TIME:       0.107758  s ] [ CPU  TIME:       0.285312  s ] <<<<< ..

* Nuclear repulsion energy                           0.000000000000000    
.. >>>>> [ IO READ: weight_one_e_dm ] <<<<< ..

.. >>>>> [ RES  MEM :       0.014328 GB ] [ VIRT MEM :       2.469536 GB ] <<<<< ..
.. >>>>> [ WALL TIME:       0.108186  s ] [ CPU  TIME:       0.285865  s ] <<<<< ..

.. >>>>> [ IO READ: pt2_max ] <<<<< ..

.. >>>>> [ RES  MEM :       0.018593 GB ] [ VIRT MEM :       2.473644 GB ] <<<<< ..
.. >>>>> [ WALL TIME:       0.115876  s ] [ CPU  TIME:       0.312894  s ] <<<<< ..

.. >>>>> [ IO READ: threshold_generators ] <<<<< ..

.. >>>>> [ RES  MEM :       0.018593 GB ] [ VIRT MEM :       2.473644 GB ] <<<<< ..
.. >>>>> [ WALL TIME:       0.116194  s ] [ CPU  TIME:       0.313520  s ] <<<<< ..

* Target maximum memory (GB)                                  2000
* Number of occupation patterns                                  1

.. >>>>> [ RES  MEM :       0.018593 GB ] [ VIRT MEM :       2.475883 GB ] <<<<< ..
.. >>>>> [ WALL TIME:       0.116778  s ] [ CPU  TIME:       0.314324  s ] <<<<< ..

.. >>>>> [ IO READ: threshold_davidson ] <<<<< ..

.. >>>>> [ RES  MEM :       0.018593 GB ] [ VIRT MEM :       2.475883 GB ] <<<<< ..
.. >>>>> [ WALL TIME:       0.117194  s ] [ CPU  TIME:       0.315706  s ] <<<<< ..

 Diagonalization of H using Lapack
.. >>>>> [ IO READ: only_expected_s2 ] <<<<< ..

.. >>>>> [ RES  MEM :       0.018593 GB ] [ VIRT MEM :       2.475883 GB ] <<<<< ..
.. >>>>> [ WALL TIME:       0.117600  s ] [ CPU  TIME:       0.316260  s ] <<<<< ..


.. >>>>> [ RES  MEM :       0.018593 GB ] [ VIRT MEM :       2.475883 GB ] <<<<< ..
.. >>>>> [ WALL TIME:       0.117908  s ] [ CPU  TIME:       0.316720  s ] <<<<< ..

* Energy of state    1                              -2.861153344785881    
* S^2 of state    1                                  0.000000000000000    
* Saved determinants                                             1
--------------------------------------------------------------------------------
* Number of unique beta determinants                             1
* Number of unique alpha determinants                            1
.. >>>>> [ IO READ: weight_selection ] <<<<< ..

.. >>>>> [ RES  MEM :       0.019066 GB ] [ VIRT MEM :       2.479042 GB ] <<<<< ..
.. >>>>> [ WALL TIME:       0.123461  s ] [ CPU  TIME:       0.333626  s ] <<<<< ..

 Using pt2-matching weight in selection
 # PT2 weight    1.00000000    
 # Total weight    1.00000000    
.. >>>>> [ IO READ: pseudo_sym ] <<<<< ..

.. >>>>> [ RES  MEM :       0.019066 GB ] [ VIRT MEM :       2.479042 GB ] <<<<< ..
.. >>>>> [ WALL TIME:       0.123949  s ] [ CPU  TIME:       0.342218  s ] <<<<< ..

.. >>>>> [ IO READ: h0_type ] <<<<< ..

.. >>>>> [ RES  MEM :       0.019066 GB ] [ VIRT MEM :       2.479042 GB ] <<<<< ..
.. >>>>> [ WALL TIME:       0.124318  s ] [ CPU  TIME:       0.342748  s ] <<<<< ..


.. >>>>> [ RES  MEM :       0.019066 GB ] [ VIRT MEM :       2.479042 GB ] <<<<< ..
.. >>>>> [ WALL TIME:       0.124573  s ] [ CPU  TIME:       0.343106  s ] <<<<< ..

* Number of generators                                           1

.. >>>>> [ RES  MEM :       0.019066 GB ] [ VIRT MEM :       2.479042 GB ] <<<<< ..
.. >>>>> [ WALL TIME:       0.124835  s ] [ CPU  TIME:       0.343465  s ] <<<<< ..

* Number of selectors                                            1
* Number of comb teeth                                           1
* Number of core     MOs                                         0
* pt2_n_tasks_max                                                1
* PT2 Energy denominator                            -2.861153344785881    
* Estimated memory/thread (Gb)                      0.1043081283569336E-06
* Number of virtual  MOs                                         0
* Number of active   MOs                                        14
 Active MOs:
           1           2           3           4           5           6           7           8           9          10          11          12          13          14
* Number of inactive MOs                                         0
.. >>>>> [ IO READ: pert_2rdm ] <<<<< ..

.. >>>>> [ RES  MEM :       0.019897 GB ] [ VIRT MEM :       2.482906 GB ] <<<<< ..
.. >>>>> [ WALL TIME:       0.149693  s ] [ CPU  TIME:       0.418046  s ] <<<<< ..

 n_d =            4
.. >>>>> [ IO READ: pruning ] <<<<< ..

.. >>>>> [ RES  MEM :       0.020000 GB ] [ VIRT MEM :       2.482906 GB ] <<<<< ..
.. >>>>> [ WALL TIME:       0.156127  s ] [ CPU  TIME:       0.424588  s ] <<<<< ..


.. >>>>> [ RES  MEM :       0.020000 GB ] [ VIRT MEM :       2.482906 GB ] <<<<< ..
.. >>>>> [ WALL TIME:       0.162747  s ] [ CPU  TIME:       0.449182  s ] <<<<< ..

* Number of generators                                           1
* Number of comb teeth                                           1
* pt2_n_tasks_max                                                1
* Saved determinants                                             5
* Number of unique beta determinants                             5
* Number of unique alpha determinants                            5
 Using pt2-matching weight in selection
 # PT2 weight    1.00000000    
 # Total weight    1.00000000    

.. >>>>> [ RES  MEM :       0.020000 GB ] [ VIRT MEM :       2.482918 GB ] <<<<< ..
.. >>>>> [ WALL TIME:       0.165032  s ] [ CPU  TIME:       0.457827  s ] <<<<< ..

* Number of selectors                                            1
 Using pt2-matching weight in selection
 # PT2 weight    1.00000000    
 # Total weight    1.00000000    
* Correlation ratio                                 0.1109078477029274E-13
 
Summary at N_det =            5
-----------------------------------
 
# ============ =============================
                     State      1
# ============ =============================
# E              -2.86115334
# PT2            -0.04036810     0.00000000
# rPT2           -0.04004128     0.00000000
#
# E+PT2          -2.90152145     0.00000000
# E+rPT2         -2.90119462     0.00000000
# ============ =============================
 
 N_det             =            5
 N_states          =            1
 N_sop             =            5
 
 * State            1
 < S^2 >         =    0.0000000000000000     
 E               =   -2.8611533447858806     
 Variance        =   0.28416563496499281     
 PT norm         =    9.0344566044677430E-002
 PT2             =   -4.0368101779880483E-002
 rPT2            =   -4.0041279228461311E-002
 E+PT2            =   -2.9015214465657611       +/-    0.0000000000000000     
 E+rPT2           =   -2.9011946240143418       +/-    0.0000000000000000     
 
 -----
.. >>>>> [ IO READ: io_mo_integrals_pseudo ] <<<<< ..

.. >>>>> [ RES  MEM :       0.020000 GB ] [ VIRT MEM :       2.482918 GB ] <<<<< ..
.. >>>>> [ WALL TIME:       0.165690  s ] [ CPU  TIME:       0.458821  s ] <<<<< ..

 Energy components
 =================
 
 Vnn  : Nucleus-Nucleus   potential energy
 Ven  : Electron-Nucleus  potential energy
 Vee  : Electron-Electron potential energy
 Vecp : Potential energy of the pseudo-potentials
 T    : Electronic kinetic energy
 
 State            1
 ---------
 
 Vnn  =    0.0000000000000000     
 Ven  =   -6.7482061729790601     
 Vee  =    1.0259031971207033     
 Vecp =    0.0000000000000000     
 T    =    2.8611496310724762     
 
 
.. >>>>> [ IO READ: energy_iterations ] <<<<< ..

.. >>>>> [ RES  MEM :       0.020000 GB ] [ VIRT MEM :       2.482918 GB ] <<<<< ..
.. >>>>> [ WALL TIME:       0.167150  s ] [ CPU  TIME:       0.462346  s ] <<<<< ..

.. >>>>> [ IO READ: pt2_iterations ] <<<<< ..

.. >>>>> [ RES  MEM :       0.020000 GB ] [ VIRT MEM :       2.482918 GB ] <<<<< ..
.. >>>>> [ WALL TIME:       0.167629  s ] [ CPU  TIME:       0.463552  s ] <<<<< ..

.. >>>>> [ IO READ: n_det_iterations ] <<<<< ..

.. >>>>> [ RES  MEM :       0.020000 GB ] [ VIRT MEM :       2.482918 GB ] <<<<< ..
.. >>>>> [ WALL TIME:       0.168125  s ] [ CPU  TIME:       0.468802  s ] <<<<< ..

 Diagonalization of H using Lapack

.. >>>>> [ RES  MEM :       0.020000 GB ] [ VIRT MEM :       2.482918 GB ] <<<<< ..
.. >>>>> [ WALL TIME:       0.177473  s ] [ CPU  TIME:       0.501954  s ] <<<<< ..

* Energy of state    1                              -2.880061934194765    
* S^2 of state    1                                  0.000000000000000    
* Saved determinants                                             5
--------------------------------------------------------------------------------
* Number of unique beta determinants                             5
* Number of unique alpha determinants                            5
 Using pt2-matching weight in selection
 # PT2 weight    1.00000000    
 # Total weight    1.00000000    

.. >>>>> [ RES  MEM :       0.020000 GB ] [ VIRT MEM :       2.482918 GB ] <<<<< ..
.. >>>>> [ WALL TIME:       0.182903  s ] [ CPU  TIME:       0.523198  s ] <<<<< ..

* Number of generators                                           5

.. >>>>> [ RES  MEM :       0.020000 GB ] [ VIRT MEM :       2.482918 GB ] <<<<< ..
.. >>>>> [ WALL TIME:       0.183132  s ] [ CPU  TIME:       0.523731  s ] <<<<< ..

* Number of selectors                                            5
* Number of comb teeth                                           1
* pt2_n_tasks_max                                                1
* PT2 Energy denominator                            -2.880061934194765    

.. >>>>> [ RES  MEM :       0.022240 GB ] [ VIRT MEM :       2.484749 GB ] <<<<< ..
.. >>>>> [ WALL TIME:       0.189567  s ] [ CPU  TIME:       0.547541  s ] <<<<< ..

* Number of generators                                           5

.. >>>>> [ RES  MEM :       0.022240 GB ] [ VIRT MEM :       2.484749 GB ] <<<<< ..
.. >>>>> [ WALL TIME:       0.189784  s ] [ CPU  TIME:       0.548021  s ] <<<<< ..

* Number of selectors                                            5
* Number of comb teeth                                           1
* pt2_n_tasks_max                                                1
* Number of tasks                                                5
* Number of fragmented tasks                                     0
* Number of threads for PT2                                      4
* Memory (Gb)                                       0.1011919230222702E-04
========== ================= =========== =============== =============== =================
 Samples        Energy        Stat. Err     Variance          Norm          Seconds      
========== ================= =========== =============== =============== =================
         4     -2.9009536333    0.00        0.1839972404    0.0030904082      0.0030          
========== ================= =========== =============== =============== =================
 n_d =            5
 Using pt2-matching weight in selection
 # PT2 weight    1.00000000    
 # Total weight    1.00000000    

.. >>>>> [ RES  MEM :       0.024044 GB ] [ VIRT MEM :       2.486286 GB ] <<<<< ..
.. >>>>> [ WALL TIME:       0.211271  s ] [ CPU  TIME:       0.609554  s ] <<<<< ..

* Number of generators                                           5

.. >>>>> [ RES  MEM :       0.024044 GB ] [ VIRT MEM :       2.486286 GB ] <<<<< ..
.. >>>>> [ WALL TIME:       0.211520  s ] [ CPU  TIME:       0.610093  s ] <<<<< ..

* Number of selectors                                            5
* Number of comb teeth                                           1
* pt2_n_tasks_max                                                1
 Using pt2-matching weight in selection
 # PT2 weight    1.00000000    
 # Total weight    1.00000000    
* Correlation ratio                                 0.4758562959320517    
 
Summary at N_det =            5
-----------------------------------
 
# ============ =============================
                     State      1
# ============ =============================
# E              -2.88006193
# PT2            -0.02089170     0.00000000
# rPT2           -0.02082733     0.00000000
#
# E+PT2          -2.90095363     0.00000000
# E+rPT2         -2.90088927     0.00000000
# ============ =============================
 
 N_det             =            5
 N_states          =            1
 N_sop             =            5
 
 * State            1
 < S^2 >         =    0.0000000000000000     
 E               =   -2.8800619341947651     
 Variance        =   0.18399724039514681     
 PT norm         =    5.5591439763182114E-002
 PT2             =   -2.0891699132089991E-002
 rPT2            =   -2.0827334168313956E-002
 E+PT2            =   -2.9009536333268553       +/-    0.0000000000000000     
 E+rPT2           =   -2.9008892683630791       +/-    0.0000000000000000     
 
 -----
 Energy components
 =================
 
 State            1
 ---------
 
 Vnn  =    0.0000000000000000     
 Ven  =   -6.7358102861360116     
 Vee  =   0.98724470172959222     
 Vecp =    0.0000000000000000     
 T    =    2.8685036502116543     
 
 

Extrapolated energies
------------------------

 
 State            1
 
 =========== ===================
 minimum PT2 Extrapolated energy
 =========== ===================
    -0.0400         -2.90055827
 =========== ===================
 
 Diagonalization of H using Lapack

.. >>>>> [ RES  MEM :       0.024044 GB ] [ VIRT MEM :       2.486286 GB ] <<<<< ..
.. >>>>> [ WALL TIME:       0.224509  s ] [ CPU  TIME:       0.660636  s ] <<<<< ..

* Energy of state    1                              -2.892657514100734    
* S^2 of state    1                                 0.1444447458290427E-32
* Saved determinants                                            10
--------------------------------------------------------------------------------
* Number of unique beta determinants                             8
* Number of unique alpha determinants                            8
 Using pt2-matching weight in selection
 # PT2 weight    1.00000000    
 # Total weight    1.00000000    

.. >>>>> [ RES  MEM :       0.024044 GB ] [ VIRT MEM :       2.486286 GB ] <<<<< ..
.. >>>>> [ WALL TIME:       0.229647  s ] [ CPU  TIME:       0.677527  s ] <<<<< ..

* Number of generators                                          10

.. >>>>> [ RES  MEM :       0.024044 GB ] [ VIRT MEM :       2.486286 GB ] <<<<< ..
.. >>>>> [ WALL TIME:       0.229943  s ] [ CPU  TIME:       0.677934  s ] <<<<< ..

* Number of selectors                                           10
* Number of comb teeth                                           1
* pt2_n_tasks_max                                                1
* PT2 Energy denominator                            -2.892657514100734    

.. >>>>> [ RES  MEM :       0.024044 GB ] [ VIRT MEM :       2.486286 GB ] <<<<< ..
.. >>>>> [ WALL TIME:       0.235354  s ] [ CPU  TIME:       0.696146  s ] <<<<< ..

* Number of generators                                          10

.. >>>>> [ RES  MEM :       0.024044 GB ] [ VIRT MEM :       2.486286 GB ] <<<<< ..
.. >>>>> [ WALL TIME:       0.235645  s ] [ CPU  TIME:       0.696533  s ] <<<<< ..

* Number of selectors                                           10
* Number of comb teeth                                           1
* pt2_n_tasks_max                                                1
* Number of tasks                                               10
* Number of fragmented tasks                                     0
* Number of threads for PT2                                      4
* Memory (Gb)                                       0.1226626336574554E-04
========== ================= =========== =============== =============== =================
 Samples        Energy        Stat. Err     Variance          Norm          Seconds      
========== ================= =========== =============== =============== =================
         9     -2.9005741382    0.00        0.0887498990    0.0007752770      0.0034          
========== ================= =========== =============== =============== =================
 n_d =           10
 Using pt2-matching weight in selection
 # PT2 weight    1.00000000    
 # Total weight    1.00000000    

.. >>>>> [ RES  MEM :       0.024067 GB ] [ VIRT MEM :       2.486286 GB ] <<<<< ..
.. >>>>> [ WALL TIME:       0.274330  s ] [ CPU  TIME:       0.813362  s ] <<<<< ..

* Number of generators                                          10

.. >>>>> [ RES  MEM :       0.024067 GB ] [ VIRT MEM :       2.486286 GB ] <<<<< ..
.. >>>>> [ WALL TIME:       0.274603  s ] [ CPU  TIME:       0.813716  s ] <<<<< ..

* Number of selectors                                           10
* Number of comb teeth                                           1
* pt2_n_tasks_max                                                1
 Using pt2-matching weight in selection
 # PT2 weight    1.00000000    
 # Total weight    1.00000000    
* Correlation ratio                                 0.7993007891731959    
 
Summary at N_det =           10
-----------------------------------
 
# ============ =============================
                     State      1
# ============ =============================
# E              -2.89265751
# PT2            -0.00791662     0.00000000
# rPT2           -0.00791049     0.00000000
#
# E+PT2          -2.90057414     0.00000000
# E+rPT2         -2.90056801     0.00000000
# ============ =============================
 
 N_det             =           10
 N_states          =            1
 N_sop             =            9
 
 * State            1
 < S^2 >         =    1.4444474582904272E-033
 E               =   -2.8926575141007342     
 Variance        =    8.8749898982353859E-002
 PT norm         =    2.7843795698762951E-002
 PT2             =   -7.9166240971075830E-003
 rPT2            =   -7.9104912754880026E-003
 E+PT2            =   -2.9005741381978418       +/-    0.0000000000000000     
 E+rPT2           =   -2.9005680053762224       +/-    0.0000000000000000     
 
 -----
 Energy components
 =================
 
 State            1
 ---------
 
 Vnn  =    0.0000000000000000     
 Ven  =   -6.7412994050928452     
 Vee  =   0.96345178670219545     
 Vecp =    0.0000000000000000     
 T    =    2.8851901042899155     
 
 

Extrapolated energies
------------------------

 
 State            1
 
 =========== ===================
 minimum PT2 Extrapolated energy
 =========== ===================
    -0.0208         -2.90037126
    -0.0400         -2.90044324
 =========== ===================
 
 Diagonalization of H using Lapack

.. >>>>> [ RES  MEM :       0.024067 GB ] [ VIRT MEM :       2.486286 GB ] <<<<< ..
.. >>>>> [ WALL TIME:       0.287649  s ] [ CPU  TIME:       0.859827  s ] <<<<< ..

* Energy of state    1                              -2.898557383069727    
* S^2 of state    1                                 0.9725946219155542E-32
* Saved determinants                                            20
--------------------------------------------------------------------------------
* Number of unique beta determinants                            12
* Number of unique alpha determinants                           12
 Using pt2-matching weight in selection
 # PT2 weight    1.00000000    
 # Total weight    1.00000000    

.. >>>>> [ RES  MEM :       0.024067 GB ] [ VIRT MEM :       2.486286 GB ] <<<<< ..
.. >>>>> [ WALL TIME:       0.292687  s ] [ CPU  TIME:       0.885210  s ] <<<<< ..

* Number of generators                                          20

.. >>>>> [ RES  MEM :       0.024067 GB ] [ VIRT MEM :       2.486286 GB ] <<<<< ..
.. >>>>> [ WALL TIME:       0.292981  s ] [ CPU  TIME:       0.885613  s ] <<<<< ..

* Number of selectors                                           20
* Number of comb teeth                                           1
* pt2_n_tasks_max                                                1
* PT2 Energy denominator                            -2.898557383069727    

.. >>>>> [ RES  MEM :       0.024067 GB ] [ VIRT MEM :       2.486286 GB ] <<<<< ..
.. >>>>> [ WALL TIME:       0.301051  s ] [ CPU  TIME:       0.914385  s ] <<<<< ..

* Number of generators                                          20

.. >>>>> [ RES  MEM :       0.024067 GB ] [ VIRT MEM :       2.486286 GB ] <<<<< ..
.. >>>>> [ WALL TIME:       0.301349  s ] [ CPU  TIME:       0.914771  s ] <<<<< ..

* Number of selectors                                           20
* Number of comb teeth                                           1
* pt2_n_tasks_max                                                1
* Number of tasks                                               20
* Number of fragmented tasks                                     0
* Number of threads for PT2                                      4
* Memory (Gb)                                       0.1656040549278259E-04
========== ================= =========== =============== =============== =================
 Samples        Energy        Stat. Err     Variance          Norm          Seconds      
========== ================= =========== =============== =============== =================
        19     -2.9002515500    0.00        0.0181942783    0.0001680948      0.0049          
========== ================= =========== =============== =============== =================
 n_d =           20
 Using pt2-matching weight in selection
 # PT2 weight    1.00000000    
 # Total weight    1.00000000    

.. >>>>> [ RES  MEM :       0.024094 GB ] [ VIRT MEM :       2.486286 GB ] <<<<< ..
.. >>>>> [ WALL TIME:       0.333463  s ] [ CPU  TIME:       1.002278  s ] <<<<< ..

* Number of generators                                          20

.. >>>>> [ RES  MEM :       0.024094 GB ] [ VIRT MEM :       2.486286 GB ] <<<<< ..
.. >>>>> [ WALL TIME:       0.333693  s ] [ CPU  TIME:       1.002619  s ] <<<<< ..

* Number of selectors                                           20
* Number of comb teeth                                           1
* pt2_n_tasks_max                                                1
 Using pt2-matching weight in selection
 # PT2 weight    1.00000000    
 # Total weight    1.00000000    
* Correlation ratio                                 0.9566759016900328    
 
Summary at N_det =           20
-----------------------------------
 
# ============ =============================
                     State      1
# ============ =============================
# E              -2.89855738
# PT2            -0.00169417     0.00000000
# rPT2           -0.00169388     0.00000000
#
# E+PT2          -2.90025155     0.00000000
# E+rPT2         -2.90025127     0.00000000
# ============ =============================
 
 N_det             =           20
 N_states          =            1
 N_sop             =           16
 
 * State            1
 < S^2 >         =    9.7259462191555424E-033
 E               =   -2.8985573830697269     
 Variance        =    1.8194278251141418E-002
 PT norm         =    1.2965138516968368E-002
 PT2             =   -1.6941668813368338E-003
 rPT2            =   -1.6938821485274569E-003
 E+PT2            =   -2.9002515499510637       +/-    0.0000000000000000     
 E+rPT2           =   -2.9002512652182544       +/-    0.0000000000000000     
 
 -----
 Energy components
 =================
 
 State            1
 ---------
 
 Vnn  =    0.0000000000000000     
 Ven  =   -6.7429122266054424     
 Vee  =   0.95280484640939100     
 Vecp =    0.0000000000000000     
 T    =    2.8915499971263245     
 
 

Extrapolated energies
------------------------

 
 State            1
 
 =========== ===================
 minimum PT2 Extrapolated energy
 =========== ===================
    -0.0079         -2.90016496
    -0.0208         -2.90024428
    -0.0400         -2.90031393
 =========== ===================
 
 Diagonalization of H using Lapack

.. >>>>> [ RES  MEM :       0.024094 GB ] [ VIRT MEM :       2.486286 GB ] <<<<< ..
.. >>>>> [ WALL TIME:       0.346012  s ] [ CPU  TIME:       1.047430  s ] <<<<< ..

* Energy of state    1                              -2.900232169010343    
* S^2 of state    1                                 0.4970825186463450E-30
* Saved determinants                                            40
--------------------------------------------------------------------------------
* Number of unique beta determinants                            14
* Number of unique alpha determinants                           14
 Using pt2-matching weight in selection
 # PT2 weight    1.00000000    
 # Total weight    1.00000000    

.. >>>>> [ RES  MEM :       0.024094 GB ] [ VIRT MEM :       2.486286 GB ] <<<<< ..
.. >>>>> [ WALL TIME:       0.351782  s ] [ CPU  TIME:       1.070878  s ] <<<<< ..

* Number of generators                                          38

.. >>>>> [ RES  MEM :       0.024094 GB ] [ VIRT MEM :       2.486286 GB ] <<<<< ..
.. >>>>> [ WALL TIME:       0.352023  s ] [ CPU  TIME:       1.071277  s ] <<<<< ..

* Number of selectors                                           38
* Number of comb teeth                                           1
* pt2_n_tasks_max                                                1
* PT2 Energy denominator                            -2.900232169010343    

.. >>>>> [ RES  MEM :       0.024094 GB ] [ VIRT MEM :       2.486286 GB ] <<<<< ..
.. >>>>> [ WALL TIME:       0.357703  s ] [ CPU  TIME:       1.091354  s ] <<<<< ..

* Number of generators                                          38

.. >>>>> [ RES  MEM :       0.024094 GB ] [ VIRT MEM :       2.486286 GB ] <<<<< ..
.. >>>>> [ WALL TIME:       0.357940  s ] [ CPU  TIME:       1.091856  s ] <<<<< ..

* Number of selectors                                           38
* Number of comb teeth                                           1
* pt2_n_tasks_max                                                1
* Number of tasks                                               38
* Number of fragmented tasks                                     0
* Number of threads for PT2                                      4
* Memory (Gb)                                       0.2509452402591705E-04
========== ================= =========== =============== =============== =================
 Samples        Energy        Stat. Err     Variance          Norm          Seconds      
========== ================= =========== =============== =============== =================
        37     -2.9002321690    0.00        0.0000000000    0.0000000000      0.0075          
========== ================= =========== =============== =============== =================
 n_d =           40
 Using pt2-matching weight in selection
 # PT2 weight    1.00000000    
 # Total weight    1.00000000    

.. >>>>> [ RES  MEM :       0.024101 GB ] [ VIRT MEM :       2.486286 GB ] <<<<< ..
.. >>>>> [ WALL TIME:       0.402692  s ] [ CPU  TIME:       1.211335  s ] <<<<< ..

* Number of generators                                          38

.. >>>>> [ RES  MEM :       0.024101 GB ] [ VIRT MEM :       2.486286 GB ] <<<<< ..
.. >>>>> [ WALL TIME:       0.402921  s ] [ CPU  TIME:       1.211621  s ] <<<<< ..

* Number of selectors                                           38
* Number of comb teeth                                           1
* pt2_n_tasks_max                                                1
 Using pt2-matching weight in selection
 # PT2 weight   0.500000000    
 # Total weight   0.500000000    
* Correlation ratio                                  1.000000000000000    
 
Summary at N_det =           40
-----------------------------------
 
# ============ =============================
                     State      1
# ============ =============================
# E              -2.90023217
# PT2             0.00000000     0.00000000
# rPT2            0.00000000     0.00000000
#
# E+PT2          -2.90023217     0.00000000
# E+rPT2         -2.90023217     0.00000000
# ============ =============================
 
 N_det             =           40
 N_states          =            1
 N_sop             =           27
 
 * State            1
 < S^2 >         =    4.9708251864634505E-031
 E               =   -2.9002321690103425     
 Variance        =    6.0156916306821879E-030
 PT norm         =    3.7094037601455934E-016
 PT2             =    0.0000000000000000     
 rPT2            =    0.0000000000000000     
 E+PT2            =   -2.9002321690103425       +/-    0.0000000000000000     
 E+rPT2           =   -2.9002321690103425       +/-    0.0000000000000000     
 
 -----
 Energy components
 =================
 
 State            1
 ---------
 
 Vnn  =    0.0000000000000000     
 Ven  =   -6.7508675730308125     
 Vee  =   0.95004991939099748     
 Vecp =    0.0000000000000000     
 T    =    2.9005854846294725     
 
 

Extrapolated energies
------------------------

 
 State            1
 
 =========== ===================
 minimum PT2 Extrapolated energy
 =========== ===================
    -0.0017         -2.90023217
    -0.0079         -2.90020722
    -0.0208         -2.90023863
    -0.0400         -2.90028294
 =========== ===================
 
 Diagonalization of H using Lapack

.. >>>>> [ RES  MEM :       0.024101 GB ] [ VIRT MEM :       2.486286 GB ] <<<<< ..
.. >>>>> [ WALL TIME:       0.420218  s ] [ CPU  TIME:       1.283533  s ] <<<<< ..

* Energy of state    1                              -2.900232169010333    
* S^2 of state    1                                 0.6227030356628064E-30
* Saved determinants                                            82
* Saved determinants                                            82
* Number of unique beta determinants                            14
* Number of unique alpha determinants                           14
 Using pt2-matching weight in selection
 # PT2 weight   0.500000000    
 # Total weight   0.500000000    

.. >>>>> [ RES  MEM :       0.024101 GB ] [ VIRT MEM :       2.486286 GB ] <<<<< ..
.. >>>>> [ WALL TIME:       0.434098  s ] [ CPU  TIME:       1.332399  s ] <<<<< ..

* Number of generators                                          38

.. >>>>> [ RES  MEM :       0.024101 GB ] [ VIRT MEM :       2.486286 GB ] <<<<< ..
.. >>>>> [ WALL TIME:       0.434355  s ] [ CPU  TIME:       1.333039  s ] <<<<< ..

* Number of selectors                                           38
* Number of comb teeth                                           1
* pt2_n_tasks_max                                                1
* PT2 Energy denominator                            -2.900232169010333    

.. >>>>> [ RES  MEM :       0.024101 GB ] [ VIRT MEM :       2.486286 GB ] <<<<< ..
.. >>>>> [ WALL TIME:       0.439782  s ] [ CPU  TIME:       1.349847  s ] <<<<< ..

* Number of generators                                          38

.. >>>>> [ RES  MEM :       0.024101 GB ] [ VIRT MEM :       2.486286 GB ] <<<<< ..
.. >>>>> [ WALL TIME:       0.440039  s ] [ CPU  TIME:       1.356695  s ] <<<<< ..

* Number of selectors                                           38
* Number of comb teeth                                           1
* pt2_n_tasks_max                                                1
* Number of tasks                                               38
* Number of fragmented tasks                                     0
* Number of threads for PT2                                      4
* Memory (Gb)                                       0.3837145864963532E-04
========== ================= =========== =============== =============== =================
 Samples        Energy        Stat. Err     Variance          Norm          Seconds      
========== ================= =========== =============== =============== =================
        37     -2.9002321690    0.00        0.0000000000    0.0000000000      0.0095          
========== ================= =========== =============== =============== =================
 Using pt2-matching weight in selection
 # PT2 weight   0.500000000    
 # Total weight   0.500000000    

.. >>>>> [ RES  MEM :       0.024105 GB ] [ VIRT MEM :       2.486446 GB ] <<<<< ..
.. >>>>> [ WALL TIME:       0.469703  s ] [ CPU  TIME:       1.435035  s ] <<<<< ..

* Number of generators                                          38

.. >>>>> [ RES  MEM :       0.024105 GB ] [ VIRT MEM :       2.486446 GB ] <<<<< ..
.. >>>>> [ WALL TIME:       0.469921  s ] [ CPU  TIME:       1.435653  s ] <<<<< ..

* Number of selectors                                           38
* Number of comb teeth                                           1
* pt2_n_tasks_max                                                1
 Using pt2-matching weight in selection
 # PT2 weight   0.250000000    
 # Total weight   0.250000000    
 
Summary at N_det =           82
-----------------------------------
 
# ============ =============================
                     State      1
# ============ =============================
# E              -2.90023217
# PT2             0.00000000     0.00000000
# rPT2            0.00000000     0.00000000
#
# E+PT2          -2.90023217     0.00000000
# E+rPT2         -2.90023217     0.00000000
# ============ =============================
 
 N_det             =           82
 N_states          =            1
 N_sop             =           48
 
 * State            1
 < S^2 >         =    6.2270303566280641E-031
 E               =   -2.9002321690103328     
 Variance        =    6.5185516198168146E-030
 PT norm         =    3.8649841976930355E-016
 PT2             =    0.0000000000000000     
 rPT2            =    0.0000000000000000     
 E+PT2            =   -2.9002321690103328       +/-    0.0000000000000000     
 E+rPT2           =   -2.9002321690103328       +/-    0.0000000000000000     
 
 -----
 Energy components
 =================
 
 State            1
 ---------
 
 Vnn  =    0.0000000000000000     
 Ven  =   -6.7508675730307885     
 Vee  =   0.95004991939099570     
 Vecp =    0.0000000000000000     
 T    =    2.9005854846294601     
 
 

Extrapolated energies
------------------------

 
 State            1
 
 =========== ===================
 minimum PT2 Extrapolated energy
 =========== ===================
     0.0000         -2.90023217
    -0.0017         -2.90023217
    -0.0079         -2.90021685
    -0.0208         -2.90023658
    -0.0400         -2.90026898
 =========== ===================
 
Wall time: 0:00:02

