Date: 03/03/2020 10:39:09
===============
Quantum Package
===============

Git Commit: Python2 in resultsFile
Git Date  : Wed Feb 12 15:31:40 2020 -0600
Git SHA1  : a2794cbb33cae2152fefd67133f510d388a44c77
EZFIO Dir : he.ezfio


Task server running : tcp://127.0.1.1:41279
.. >>>>> [ IO READ: ao_num ] <<<<< ..

.. >>>>> [ RES  MEM :       0.004818 GB ] [ VIRT MEM :       0.043705 GB ] <<<<< ..
.. >>>>> [ WALL TIME:       0.001264  s ] [ CPU  TIME:       0.004734  s ] <<<<< ..

.. >>>>> [ IO READ: grid_type_sgn ] <<<<< ..

.. >>>>> [ RES  MEM :       0.004818 GB ] [ VIRT MEM :       0.043705 GB ] <<<<< ..
.. >>>>> [ WALL TIME:       0.001739  s ] [ CPU  TIME:       0.005011  s ] <<<<< ..

.. >>>>> [ IO READ: nucl_num ] <<<<< ..

.. >>>>> [ RES  MEM :       0.004818 GB ] [ VIRT MEM :       0.043705 GB ] <<<<< ..
.. >>>>> [ WALL TIME:       0.002259  s ] [ CPU  TIME:       0.005307  s ] <<<<< ..

.. >>>>> [ IO READ: nucl_charge ] <<<<< ..

.. >>>>> [ RES  MEM :       0.004818 GB ] [ VIRT MEM :       0.067154 GB ] <<<<< ..
.. >>>>> [ WALL TIME:       0.005911  s ] [ CPU  TIME:       0.011805  s ] <<<<< ..

.. >>>>> [ IO READ: nucl_label ] <<<<< ..

.. >>>>> [ RES  MEM :       0.005699 GB ] [ VIRT MEM :       0.067154 GB ] <<<<< ..
.. >>>>> [ WALL TIME:       0.006609  s ] [ CPU  TIME:       0.017997  s ] <<<<< ..


.. >>>>> [ RES  MEM :       0.005699 GB ] [ VIRT MEM :       0.192154 GB ] <<<<< ..
.. >>>>> [ WALL TIME:       0.007212  s ] [ CPU  TIME:       0.018376  s ] <<<<< ..


Nuclear Coordinates (Angstroms)
===============================

================ ============ ============ ============ ============
      Atom          Charge          X            Y            Z 
================ ============ ============ ============ ============
He                   2.000000     0.000000     0.000000     0.000000
================ ============ ============ ============ ============

.. >>>>> [ IO READ: thresh_grid ] <<<<< ..

.. >>>>> [ RES  MEM :       0.006733 GB ] [ VIRT MEM :       0.193005 GB ] <<<<< ..
.. >>>>> [ WALL TIME:       0.028749  s ] [ CPU  TIME:       0.084699  s ] <<<<< ..

 n_points_final_grid =        22046
 n max point         =        22348
.. >>>>> [ IO READ: n_states ] <<<<< ..

.. >>>>> [ RES  MEM :       0.006733 GB ] [ VIRT MEM :       0.193005 GB ] <<<<< ..
.. >>>>> [ WALL TIME:       0.031296  s ] [ CPU  TIME:       0.093674  s ] <<<<< ..

.. >>>>> [ IO READ: io_mo_one_e_integrals ] <<<<< ..

.. >>>>> [ RES  MEM :       0.006733 GB ] [ VIRT MEM :       0.193005 GB ] <<<<< ..
.. >>>>> [ WALL TIME:       0.031789  s ] [ CPU  TIME:       0.095079  s ] <<<<< ..

* mo_num                                                         5
 Providing the one-electron integrals
.. >>>>> [ IO READ: do_pseudo ] <<<<< ..

.. >>>>> [ RES  MEM :       0.006733 GB ] [ VIRT MEM :       0.193005 GB ] <<<<< ..
.. >>>>> [ WALL TIME:       0.032591  s ] [ CPU  TIME:       0.096425  s ] <<<<< ..

.. >>>>> [ IO READ: io_mo_integrals_kinetic ] <<<<< ..

.. >>>>> [ RES  MEM :       0.006733 GB ] [ VIRT MEM :       0.193005 GB ] <<<<< ..
.. >>>>> [ WALL TIME:       0.032818  s ] [ CPU  TIME:       0.097173  s ] <<<<< ..

.. >>>>> [ IO READ: io_ao_integrals_kinetic ] <<<<< ..

.. >>>>> [ RES  MEM :       0.006733 GB ] [ VIRT MEM :       0.193005 GB ] <<<<< ..
.. >>>>> [ WALL TIME:       0.033254  s ] [ CPU  TIME:       0.097408  s ] <<<<< ..

.. >>>>> [ IO READ: ao_prim_num ] <<<<< ..

.. >>>>> [ RES  MEM :       0.006733 GB ] [ VIRT MEM :       0.255505 GB ] <<<<< ..
.. >>>>> [ WALL TIME:       0.033735  s ] [ CPU  TIME:       0.098405  s ] <<<<< ..

.. >>>>> [ IO READ: ao_expo ] <<<<< ..

.. >>>>> [ RES  MEM :       0.006733 GB ] [ VIRT MEM :       0.255505 GB ] <<<<< ..
.. >>>>> [ WALL TIME:       0.034163  s ] [ CPU  TIME:       0.099414  s ] <<<<< ..

.. >>>>> [ IO READ: ao_coef ] <<<<< ..

.. >>>>> [ RES  MEM :       0.006733 GB ] [ VIRT MEM :       0.255505 GB ] <<<<< ..
.. >>>>> [ WALL TIME:       0.034602  s ] [ CPU  TIME:       0.101531  s ] <<<<< ..

.. >>>>> [ IO READ: ao_power ] <<<<< ..

.. >>>>> [ RES  MEM :       0.006733 GB ] [ VIRT MEM :       0.255505 GB ] <<<<< ..
.. >>>>> [ WALL TIME:       0.035034  s ] [ CPU  TIME:       0.102524  s ] <<<<< ..

.. >>>>> [ IO READ: ao_nucl ] <<<<< ..

.. >>>>> [ RES  MEM :       0.007240 GB ] [ VIRT MEM :       0.255505 GB ] <<<<< ..
.. >>>>> [ WALL TIME:       0.035607  s ] [ CPU  TIME:       0.103992  s ] <<<<< ..

 Read  mo_coef
.. >>>>> [ IO READ: io_mo_integrals_e_n ] <<<<< ..

.. >>>>> [ RES  MEM :       0.007240 GB ] [ VIRT MEM :       0.255505 GB ] <<<<< ..
.. >>>>> [ WALL TIME:       0.042874  s ] [ CPU  TIME:       0.126326  s ] <<<<< ..

.. >>>>> [ IO READ: io_ao_integrals_e_n ] <<<<< ..

.. >>>>> [ RES  MEM :       0.007240 GB ] [ VIRT MEM :       0.255505 GB ] <<<<< ..
.. >>>>> [ WALL TIME:       0.043242  s ] [ CPU  TIME:       0.127247  s ] <<<<< ..

.. >>>>> [ IO READ: mu_of_r_potential ] <<<<< ..

.. >>>>> [ RES  MEM :       0.008419 GB ] [ VIRT MEM :       0.256580 GB ] <<<<< ..
.. >>>>> [ WALL TIME:       0.044604  s ] [ CPU  TIME:       0.129547  s ] <<<<< ..

 providing the mu_of_r ...
 providing the mu_of_r_hf_coal_vector ...
.. >>>>> [ IO READ: elec_beta_num ] <<<<< ..

.. >>>>> [ RES  MEM :       0.008419 GB ] [ VIRT MEM :       0.257259 GB ] <<<<< ..
.. >>>>> [ WALL TIME:       0.045213  s ] [ CPU  TIME:       0.129876  s ] <<<<< ..

 MO map initialized:                   120
.. >>>>> [ IO READ: elec_alpha_num ] <<<<< ..

.. >>>>> [ RES  MEM :       0.008419 GB ] [ VIRT MEM :       0.257259 GB ] <<<<< ..
.. >>>>> [ WALL TIME:       0.045920  s ] [ CPU  TIME:       0.130480  s ] <<<<< ..

.. >>>>> [ IO READ: mo_class ] <<<<< ..

.. >>>>> [ RES  MEM :       0.008419 GB ] [ VIRT MEM :       0.257259 GB ] <<<<< ..
.. >>>>> [ WALL TIME:       0.046824  s ] [ CPU  TIME:       0.138897  s ] <<<<< ..

.. >>>>> [ IO READ: io_mo_two_e_integrals ] <<<<< ..

.. >>>>> [ RES  MEM :       0.008419 GB ] [ VIRT MEM :       0.257259 GB ] <<<<< ..
.. >>>>> [ WALL TIME:       0.047403  s ] [ CPU  TIME:       0.140190  s ] <<<<< ..

* N_int                                                          1
.. >>>>> [ IO READ: io_ao_two_e_integrals ] <<<<< ..

.. >>>>> [ RES  MEM :       0.008419 GB ] [ VIRT MEM :       0.257259 GB ] <<<<< ..
.. >>>>> [ WALL TIME:       0.047993  s ] [ CPU  TIME:       0.140879  s ] <<<<< ..

 AO map initialized :                   120
 Providing the AO integrals
.. >>>>> [ IO READ: ao_integrals_threshold ] <<<<< ..

.. >>>>> [ RES  MEM :       0.008419 GB ] [ VIRT MEM :       0.405708 GB ] <<<<< ..
.. >>>>> [ WALL TIME:       0.052109  s ] [ CPU  TIME:       0.151531  s ] <<<<< ..

 Sorting the map
 AO integrals provided:
  Size of AO map :            4.6157836914062500E-004 MB
  Number of AO integrals :                   33
  cpu  time :   1.9927999999999974E-002 s
  wall time :   1.0359979999975621E-002 s  ( x    1.9235558369849042       )
 
 AO -> MO integrals transformation
 ---------------------------------
 
.. >>>>> [ IO READ: mo_integrals_threshold ] <<<<< ..

.. >>>>> [ RES  MEM :       0.008751 GB ] [ VIRT MEM :       0.468208 GB ] <<<<< ..
.. >>>>> [ WALL TIME:       0.058839  s ] [ CPU  TIME:       0.161199  s ] <<<<< ..

 Buffers :    4.27246094E-03 MB / core
 Molecular integrals provided:
  Size of MO map              6.7138671875000000E-004 MB
  Number of MO integrals:                    33
  cpu  time :   1.2051999999999979E-002 s
  wall time :   4.1301559999737947E-003 s  ( x    2.9180495845862597      )
 Time to provide mu_of_r_hf_coal_vector =    2.6817036000011285E-002
 Time to provide mu_of_r =    2.8102514000238443E-002
.. >>>>> [ IO READ: read_wf ] <<<<< ..

.. >>>>> [ RES  MEM :       0.010468 GB ] [ VIRT MEM :       2.468212 GB ] <<<<< ..
.. >>>>> [ WALL TIME:       0.073135  s ] [ CPU  TIME:       0.209180  s ] <<<<< ..

 providing the mu_of_r ...
 Time to provide mu_of_r =    1.0036189996753819E-003
 N_states=            1 n_points_final_grid=        22046
.. >>>>> [ IO READ: density_for_dft ] <<<<< ..

.. >>>>> [ RES  MEM :       0.010468 GB ] [ VIRT MEM :       2.468548 GB ] <<<<< ..
.. >>>>> [ WALL TIME:       0.074800  s ] [ CPU  TIME:       0.219881  s ] <<<<< ..

.. >>>>> [ IO READ: no_core_density ] <<<<< ..

.. >>>>> [ RES  MEM :       0.010468 GB ] [ VIRT MEM :       2.468548 GB ] <<<<< ..
.. >>>>> [ WALL TIME:       0.075119  s ] [ CPU  TIME:       0.220256  s ] <<<<< ..

 * mo_label          Canonical
* Number of determinants                                         7
* Dimension of the psi arrays                               100000
 Read psi_det
* Number of unique beta determinants                             5
* Number of unique alpha determinants                            5
 Read psi_coef           7           1
* Number of active   MOs                                         5
 Active MOs:
           1           2           3           4           5
 
 
 
 providint all_states_act_two_rdm_alpha_beta_mo 
 ispin =            3
Wall time: 0:00:02

