Date: 15/01/2021 14:35:15
===============
Quantum Package
===============

Git Commit: merged alors
Git Date  : Sun Nov 8 18:27:57 2020 +0100
Git SHA1  : 2a6581b5fa3146ed2bf8a35d8a8dcfa80a12836f
EZFIO Dir : BH.ezfio


Task server running : tcp://192.168.100.161:41279
.. >>>>> [ IO READ: read_wf ] <<<<< ..

.. >>>>> [ RES  MEM :       0.002155 GB ] [ VIRT MEM :       0.043327 GB ] <<<<< ..
.. >>>>> [ WALL TIME:       0.000311  s ] [ CPU  TIME:       0.007598  s ] <<<<< ..

 Hello world
 N_z_pts =         2200
.. >>>>> [ IO READ: ao_num ] <<<<< ..

.. >>>>> [ RES  MEM :       0.002380 GB ] [ VIRT MEM :       0.043327 GB ] <<<<< ..
.. >>>>> [ WALL TIME:       0.003618  s ] [ CPU  TIME:       0.008274  s ] <<<<< ..

.. >>>>> [ IO READ: ao_prim_num ] <<<<< ..

.. >>>>> [ RES  MEM :       0.002567 GB ] [ VIRT MEM :       1.010181 GB ] <<<<< ..
.. >>>>> [ WALL TIME:       0.008870  s ] [ CPU  TIME:       0.033198  s ] <<<<< ..

.. >>>>> [ IO READ: ao_normalized ] <<<<< ..

.. >>>>> [ RES  MEM :       0.002567 GB ] [ VIRT MEM :       1.010181 GB ] <<<<< ..
.. >>>>> [ WALL TIME:       0.010245  s ] [ CPU  TIME:       0.054030  s ] <<<<< ..

.. >>>>> [ IO READ: primitives_normalized ] <<<<< ..

.. >>>>> [ RES  MEM :       0.002567 GB ] [ VIRT MEM :       1.010181 GB ] <<<<< ..
.. >>>>> [ WALL TIME:       0.011245  s ] [ CPU  TIME:       0.069195  s ] <<<<< ..

.. >>>>> [ IO READ: ao_coef ] <<<<< ..

.. >>>>> [ RES  MEM :       0.002823 GB ] [ VIRT MEM :       1.010181 GB ] <<<<< ..
.. >>>>> [ WALL TIME:       0.017801  s ] [ CPU  TIME:       0.167761  s ] <<<<< ..

.. >>>>> [ IO READ: ao_power ] <<<<< ..

.. >>>>> [ RES  MEM :       0.002831 GB ] [ VIRT MEM :       1.010181 GB ] <<<<< ..
.. >>>>> [ WALL TIME:       0.022668  s ] [ CPU  TIME:       0.241029  s ] <<<<< ..

.. >>>>> [ IO READ: ao_expo ] <<<<< ..

.. >>>>> [ RES  MEM :       0.002850 GB ] [ VIRT MEM :       1.010181 GB ] <<<<< ..
.. >>>>> [ WALL TIME:       0.029369  s ] [ CPU  TIME:       0.341934  s ] <<<<< ..

.. >>>>> [ IO READ: ao_nucl ] <<<<< ..

.. >>>>> [ RES  MEM :       0.002979 GB ] [ VIRT MEM :       1.010292 GB ] <<<<< ..
.. >>>>> [ WALL TIME:       0.034120  s ] [ CPU  TIME:       0.413655  s ] <<<<< ..

.. >>>>> [ IO READ: nucl_num ] <<<<< ..

.. >>>>> [ RES  MEM :       0.002979 GB ] [ VIRT MEM :       1.010292 GB ] <<<<< ..
.. >>>>> [ WALL TIME:       0.036083  s ] [ CPU  TIME:       0.443305  s ] <<<<< ..

.. >>>>> [ IO READ: nucl_label ] <<<<< ..

.. >>>>> [ RES  MEM :       0.003021 GB ] [ VIRT MEM :       1.010292 GB ] <<<<< ..
.. >>>>> [ WALL TIME:       0.039961  s ] [ CPU  TIME:       0.501656  s ] <<<<< ..

.. >>>>> [ IO READ: nucl_charge ] <<<<< ..

.. >>>>> [ RES  MEM :       0.003029 GB ] [ VIRT MEM :       1.010292 GB ] <<<<< ..
.. >>>>> [ WALL TIME:       0.043817  s ] [ CPU  TIME:       0.559662  s ] <<<<< ..


.. >>>>> [ RES  MEM :       0.003029 GB ] [ VIRT MEM :       1.010292 GB ] <<<<< ..
.. >>>>> [ WALL TIME:       0.047727  s ] [ CPU  TIME:       0.618477  s ] <<<<< ..


Nuclear Coordinates (Angstroms)
===============================

================ ============ ============ ============ ============
      Atom          Charge          X            Y            Z 
================ ============ ============ ============ ============
B                    5.000000     0.000000     0.000000     0.000000
H                    1.000000     0.000000     0.000000     1.232400
================ ============ ============ ============ ============

Minimal interatomic distance found:       1.2324 Angstrom
* mo_num                                                        69
 Read  mo_coef
 * mo_label          Natural
* Number of determinants                                    482423
.. >>>>> [ IO READ: n_states ] <<<<< ..

.. >>>>> [ RES  MEM :       0.107815 GB ] [ VIRT MEM :       1.115292 GB ] <<<<< ..
.. >>>>> [ WALL TIME:       5.178679  s ] [ CPU  TIME:      82.479186  s ] <<<<< ..

* N_int                                                          2
.. >>>>> [ IO READ: elec_beta_num ] <<<<< ..

.. >>>>> [ RES  MEM :       0.107815 GB ] [ VIRT MEM :       1.115292 GB ] <<<<< ..
.. >>>>> [ WALL TIME:       5.181003  s ] [ CPU  TIME:      82.514333  s ] <<<<< ..

.. >>>>> [ IO READ: elec_alpha_num ] <<<<< ..

.. >>>>> [ RES  MEM :       0.107815 GB ] [ VIRT MEM :       1.115292 GB ] <<<<< ..
.. >>>>> [ WALL TIME:       5.182077  s ] [ CPU  TIME:      82.530615  s ] <<<<< ..

* Dimension of the psi arrays                               482423
 Read psi_det
* Number of unique beta determinants                          2265
* Number of unique alpha determinants                         2265
 Read psi_coef      482423           1
.. >>>>> [ IO READ: weight_one_e_dm ] <<<<< ..

.. >>>>> [ RES  MEM :       0.253120 GB ] [ VIRT MEM :       1.237484 GB ] <<<<< ..
.. >>>>> [ WALL TIME:      11.408446  s ] [ CPU  TIME:     156.394123  s ] <<<<< ..

 sum of integrated_rho =    5.9836956147408493     
 sum of integrated_delta_rho =    4.0625390411361286E-009
.. >>>>> [ IO READ: io_ao_integrals_overlap ] <<<<< ..

.. >>>>> [ RES  MEM :       0.253174 GB ] [ VIRT MEM :       1.237484 GB ] <<<<< ..
.. >>>>> [ WALL TIME:      26.851485  s ] [ CPU  TIME:     177.383500  s ] <<<<< ..

 Mulliken spin densities
           1   5.0000000000000000       -2.7168274048024543E-006
           2   1.0000000000000000        2.7168274199123117E-006
 Sum of Mulliken SD =    1.5109857368935092E-014
 AO SPIN POPULATIONS
   1    B  1    s  0.0000000
   2    B  1    s -0.0000028
   3    B  1    s  0.0000004
   4    B  1    s  0.0000001
   5    B  1    s -0.0000003
   6    B  1    p -0.0000000
   7    B  1    p -0.0000000
   8    B  1    p  0.0000000
   9    B  1    p -0.0000000
  10    B  1    p  0.0000000
  11    B  1    p -0.0000000
  12    B  1    p  0.0000000
  13    B  1    p  0.0000000
  14    B  1    p -0.0000002
  15    B  1    p -0.0000000
  16    B  1    p -0.0000000
  17    B  1    p  0.0000001
  18    B  1    d  0.0000001
  19    B  1    d -0.0000000
  20    B  1    d  0.0000000
  21    B  1    d  0.0000001
  22    B  1    d  0.0000000
  23    B  1    d -0.0000001
  24    B  1    d  0.0000001
  25    B  1    d -0.0000000
  26    B  1    d  0.0000000
  27    B  1    d  0.0000001
  28    B  1    d  0.0000000
  29    B  1    d -0.0000003
  30    B  1    d  0.0000000
  31    B  1    d  0.0000000
  32    B  1    d  0.0000000
  33    B  1    d  0.0000000
  34    B  1    d  0.0000000
  35    B  1    d -0.0000000
  36    B  1    f -0.0000000
  37    B  1    f  0.0000000
  38    B  1    f -0.0000000
  39    B  1    f -0.0000000
  40    B  1    f  0.0000000
  41    B  1    f  0.0000000
  42    B  1    f  0.0000000
  43    B  1    f -0.0000000
  44    B  1    f -0.0000000
  45    B  1    f -0.0000000
  46    B  1    f  0.0000000
  47    B  1    f -0.0000000
  48    B  1    f -0.0000000
  49    B  1    f  0.0000000
  50    B  1    f  0.0000000
  51    B  1    f -0.0000000
  52    B  1    f -0.0000000
  53    B  1    f  0.0000000
  54    B  1    f  0.0000000
  55    B  1    f -0.0000000
  56    H  2    s -0.0000004
  57    H  2    s  0.0000009
  58    H  2    s  0.0000016
  59    H  2    s  0.0000000
  60    H  2    p -0.0000000
  61    H  2    p  0.0000000
  62    H  2    p -0.0000000
  63    H  2    p  0.0000000
  64    H  2    p -0.0000000
  65    H  2    p  0.0000003
  66    H  2    p  0.0000000
  67    H  2    p -0.0000000
  68    H  2    p  0.0000002
  69    H  2    d -0.0000000
  70    H  2    d  0.0000000
  71    H  2    d -0.0000000
  72    H  2    d -0.0000000
  73    H  2    d  0.0000000
  74    H  2    d  0.0000000
  75    H  2    d -0.0000000
  76    H  2    d  0.0000000
  77    H  2    d  0.0000000
  78    H  2    d -0.0000000
  79    H  2    d -0.0000000
  80    H  2    d  0.0000001
 sum =    1.5109857342465312E-014
 Angular momentum analysis
  s  -3.8290657455066670E-007
 sum =   -3.8290657455066670E-007
  p   3.8812037462951991E-007
 sum =    5.2138000788532074E-009
  d   4.2037621955210778E-009
 sum =    9.4175622743742852E-009
  f  -9.4175471645167575E-009
 sum =    1.5109857527753769E-014
 Angular momentum analysis per atom
 Angular momentum analysis
   1    B    s -0.0000026
 sum =   -2.5756762437126072E-006
   1    B    p -0.0000001
 sum =   -2.6448042543152471E-006
   1    B    d -0.0000001
 sum =   -2.7074098576379371E-006
   1    B    f -0.0000000
 sum =   -2.7168274048024539E-006
   2    H    s  0.0000022
 sum =    2.1927696691619404E-006
   2    H    p  0.0000005
 sum =    2.6500180543941004E-006
   2    H    d  0.0000001
 sum =    2.7168274199123117E-006
   2    H    f  0.0000000
 sum =    2.7168274199123117E-006
 standard_deviation_x  =   4.9799715197305785     
 standard_deviation_y  =   4.9799726077866291     
 standard_deviation_z  =   10.724457801380430     
Wall time: 0:00:29

