Date: 15/01/2021 14:34:47
===============
Quantum Package
===============

Git Commit: merged alors
Git Date  : Sun Nov 8 18:27:57 2020 +0100
Git SHA1  : 2a6581b5fa3146ed2bf8a35d8a8dcfa80a12836f
EZFIO Dir : BH.ezfio


Task server running : tcp://192.168.100.161:41279
.. >>>>> [ IO READ: read_wf ] <<<<< ..

.. >>>>> [ RES  MEM :       0.002121 GB ] [ VIRT MEM :       0.043327 GB ] <<<<< ..
.. >>>>> [ WALL TIME:       0.000519  s ] [ CPU  TIME:       0.008811  s ] <<<<< ..

 Hello world
 N_z_pts =         2200
.. >>>>> [ IO READ: ao_num ] <<<<< ..

.. >>>>> [ RES  MEM :       0.002304 GB ] [ VIRT MEM :       0.043327 GB ] <<<<< ..
.. >>>>> [ WALL TIME:       0.003666  s ] [ CPU  TIME:       0.009231  s ] <<<<< ..

.. >>>>> [ IO READ: ao_prim_num ] <<<<< ..

.. >>>>> [ RES  MEM :       0.002571 GB ] [ VIRT MEM :       1.010181 GB ] <<<<< ..
.. >>>>> [ WALL TIME:       0.009154  s ] [ CPU  TIME:       0.033612  s ] <<<<< ..

.. >>>>> [ IO READ: ao_normalized ] <<<<< ..

.. >>>>> [ RES  MEM :       0.002571 GB ] [ VIRT MEM :       1.010181 GB ] <<<<< ..
.. >>>>> [ WALL TIME:       0.010435  s ] [ CPU  TIME:       0.053027  s ] <<<<< ..

.. >>>>> [ IO READ: primitives_normalized ] <<<<< ..

.. >>>>> [ RES  MEM :       0.002571 GB ] [ VIRT MEM :       1.010181 GB ] <<<<< ..
.. >>>>> [ WALL TIME:       0.011467  s ] [ CPU  TIME:       0.068688  s ] <<<<< ..

.. >>>>> [ IO READ: ao_coef ] <<<<< ..

.. >>>>> [ RES  MEM :       0.002819 GB ] [ VIRT MEM :       1.010181 GB ] <<<<< ..
.. >>>>> [ WALL TIME:       0.018244  s ] [ CPU  TIME:       0.170594  s ] <<<<< ..

.. >>>>> [ IO READ: ao_power ] <<<<< ..

.. >>>>> [ RES  MEM :       0.002827 GB ] [ VIRT MEM :       1.010181 GB ] <<<<< ..
.. >>>>> [ WALL TIME:       0.023573  s ] [ CPU  TIME:       0.250643  s ] <<<<< ..

.. >>>>> [ IO READ: ao_expo ] <<<<< ..

.. >>>>> [ RES  MEM :       0.002846 GB ] [ VIRT MEM :       1.010181 GB ] <<<<< ..
.. >>>>> [ WALL TIME:       0.030060  s ] [ CPU  TIME:       0.348157  s ] <<<<< ..

.. >>>>> [ IO READ: ao_nucl ] <<<<< ..

.. >>>>> [ RES  MEM :       0.002979 GB ] [ VIRT MEM :       1.010292 GB ] <<<<< ..
.. >>>>> [ WALL TIME:       0.035002  s ] [ CPU  TIME:       0.422722  s ] <<<<< ..

.. >>>>> [ IO READ: nucl_num ] <<<<< ..

.. >>>>> [ RES  MEM :       0.002979 GB ] [ VIRT MEM :       1.010292 GB ] <<<<< ..
.. >>>>> [ WALL TIME:       0.043607  s ] [ CPU  TIME:       0.551773  s ] <<<<< ..

.. >>>>> [ IO READ: nucl_label ] <<<<< ..

.. >>>>> [ RES  MEM :       0.003025 GB ] [ VIRT MEM :       1.010292 GB ] <<<<< ..
.. >>>>> [ WALL TIME:       0.047818  s ] [ CPU  TIME:       0.615092  s ] <<<<< ..

.. >>>>> [ IO READ: nucl_charge ] <<<<< ..

.. >>>>> [ RES  MEM :       0.003033 GB ] [ VIRT MEM :       1.010292 GB ] <<<<< ..
.. >>>>> [ WALL TIME:       0.052152  s ] [ CPU  TIME:       0.680265  s ] <<<<< ..


.. >>>>> [ RES  MEM :       0.003033 GB ] [ VIRT MEM :       1.010292 GB ] <<<<< ..
.. >>>>> [ WALL TIME:       0.056355  s ] [ CPU  TIME:       0.743478  s ] <<<<< ..


Nuclear Coordinates (Angstroms)
===============================

================ ============ ============ ============ ============
      Atom          Charge          X            Y            Z 
================ ============ ============ ============ ============
B                    5.000000     0.000000     0.000000     0.000000
H                    1.000000     0.000000     0.000000     1.232400
================ ============ ============ ============ ============

Minimal interatomic distance found:       1.2324 Angstrom
* mo_num                                                        69
 Read  mo_coef
 * mo_label          Natural
* Number of determinants                                    473886
.. >>>>> [ IO READ: n_states ] <<<<< ..

.. >>>>> [ RES  MEM :       0.107693 GB ] [ VIRT MEM :       1.115295 GB ] <<<<< ..
.. >>>>> [ WALL TIME:       5.162207  s ] [ CPU  TIME:      82.205188  s ] <<<<< ..

* N_int                                                          2
.. >>>>> [ IO READ: elec_beta_num ] <<<<< ..

.. >>>>> [ RES  MEM :       0.107693 GB ] [ VIRT MEM :       1.115295 GB ] <<<<< ..
.. >>>>> [ WALL TIME:       5.165363  s ] [ CPU  TIME:      82.252726  s ] <<<<< ..

.. >>>>> [ IO READ: elec_alpha_num ] <<<<< ..

.. >>>>> [ RES  MEM :       0.107693 GB ] [ VIRT MEM :       1.115295 GB ] <<<<< ..
.. >>>>> [ WALL TIME:       5.166384  s ] [ CPU  TIME:      82.268186  s ] <<<<< ..

* Dimension of the psi arrays                               473886
 Read psi_det
* Number of unique beta determinants                          2268
* Number of unique alpha determinants                         2268
 Read psi_coef      473886           1
.. >>>>> [ IO READ: weight_one_e_dm ] <<<<< ..

.. >>>>> [ RES  MEM :       0.248848 GB ] [ VIRT MEM :       1.235336 GB ] <<<<< ..
.. >>>>> [ WALL TIME:      11.353760  s ] [ CPU  TIME:     155.788986  s ] <<<<< ..

 sum of integrated_rho =    5.9835007389642216     
 sum of integrated_delta_rho =   -8.4046951088069793E-008
.. >>>>> [ IO READ: io_ao_integrals_overlap ] <<<<< ..

.. >>>>> [ RES  MEM :       0.249355 GB ] [ VIRT MEM :       1.235336 GB ] <<<<< ..
.. >>>>> [ WALL TIME:      26.065908  s ] [ CPU  TIME:     178.253351  s ] <<<<< ..

 Mulliken spin densities
           1   5.0000000000000000       -1.2972373532547635E-005
           2   1.0000000000000000        1.2972373530227115E-005
 Sum of Mulliken SD =   -2.3205196038366196E-015
 AO SPIN POPULATIONS
   1    B  1    s  0.0000000
   2    B  1    s -0.0000038
   3    B  1    s  0.0000003
   4    B  1    s -0.0000074
   5    B  1    s -0.0000021
   6    B  1    p  0.0000000
   7    B  1    p  0.0000000
   8    B  1    p -0.0000002
   9    B  1    p  0.0000000
  10    B  1    p  0.0000000
  11    B  1    p  0.0000001
  12    B  1    p -0.0000000
  13    B  1    p -0.0000000
  14    B  1    p  0.0000003
  15    B  1    p  0.0000000
  16    B  1    p  0.0000000
  17    B  1    p  0.0000000
  18    B  1    d  0.0000001
  19    B  1    d  0.0000000
  20    B  1    d  0.0000000
  21    B  1    d  0.0000001
  22    B  1    d  0.0000000
  23    B  1    d -0.0000003
  24    B  1    d  0.0000005
  25    B  1    d -0.0000000
  26    B  1    d  0.0000000
  27    B  1    d  0.0000005
  28    B  1    d -0.0000000
  29    B  1    d -0.0000011
  30    B  1    d  0.0000000
  31    B  1    d  0.0000000
  32    B  1    d -0.0000000
  33    B  1    d -0.0000000
  34    B  1    d -0.0000000
  35    B  1    d -0.0000000
  36    B  1    f -0.0000000
  37    B  1    f  0.0000000
  38    B  1    f -0.0000000
  39    B  1    f -0.0000000
  40    B  1    f  0.0000000
  41    B  1    f  0.0000000
  42    B  1    f  0.0000000
  43    B  1    f -0.0000000
  44    B  1    f -0.0000000
  45    B  1    f  0.0000000
  46    B  1    f -0.0000000
  47    B  1    f -0.0000000
  48    B  1    f -0.0000001
  49    B  1    f -0.0000000
  50    B  1    f  0.0000000
  51    B  1    f  0.0000000
  52    B  1    f -0.0000000
  53    B  1    f -0.0000001
  54    B  1    f  0.0000000
  55    B  1    f  0.0000001
  56    H  2    s -0.0000007
  57    H  2    s  0.0000018
  58    H  2    s  0.0000068
  59    H  2    s  0.0000026
  60    H  2    p  0.0000000
  61    H  2    p  0.0000000
  62    H  2    p -0.0000000
  63    H  2    p -0.0000000
  64    H  2    p -0.0000000
  65    H  2    p  0.0000005
  66    H  2    p -0.0000000
  67    H  2    p -0.0000000
  68    H  2    p  0.0000017
  69    H  2    d -0.0000000
  70    H  2    d  0.0000000
  71    H  2    d -0.0000000
  72    H  2    d -0.0000000
  73    H  2    d  0.0000000
  74    H  2    d  0.0000001
  75    H  2    d -0.0000002
  76    H  2    d  0.0000000
  77    H  2    d -0.0000000
  78    H  2    d -0.0000002
  79    H  2    d -0.0000000
  80    H  2    d  0.0000006
 sum =   -2.3205190744410276E-015
 Angular momentum analysis
  s  -2.4307926691773916E-006
 sum =   -2.4307926691773916E-006
  p   2.3668400771729234E-006
 sum =   -6.3952592004468224E-008
  d   9.2524390706064351E-008
 sum =    2.8571798701596127E-008
  f  -2.8571801022112250E-008
 sum =   -2.3205161230606020E-015
 Angular momentum analysis per atom
 Angular momentum analysis
   1    B    s -0.0000130
 sum =   -1.3013015006074178E-005
   1    B    p  0.0000002
 sum =   -1.2861691963623664E-005
   1    B    d -0.0000001
 sum =   -1.2943801731525518E-005
   1    B    f -0.0000000
 sum =   -1.2972373532547629E-005
   2    H    s  0.0000106
 sum =    1.0582222336896787E-005
   2    H    p  0.0000022
 sum =    1.2797739371619196E-005
   2    H    d  0.0000002
 sum =    1.2972373530227115E-005
   2    H    f  0.0000000
 sum =    1.2972373530227115E-005
 standard_deviation_x  =   5.0040236281557036     
 standard_deviation_y  =   5.0040248525798718     
 standard_deviation_z  =   10.759236650687523     
Wall time: 0:00:28

