Date: 15/01/2021 14:39:35
===============
Quantum Package
===============

Git Commit: merged alors
Git Date  : Sun Nov 8 18:27:57 2020 +0100
Git SHA1  : 2a6581b5fa3146ed2bf8a35d8a8dcfa80a12836f
EZFIO Dir : BH_HF.ezfio


Task server running : tcp://192.168.100.161:41279
.. >>>>> [ IO READ: read_wf ] <<<<< ..

.. >>>>> [ RES  MEM :       0.002220 GB ] [ VIRT MEM :       0.043324 GB ] <<<<< ..
.. >>>>> [ WALL TIME:       0.000405  s ] [ CPU  TIME:       0.007922  s ] <<<<< ..

 Hello world
 N_z_pts =         2200
.. >>>>> [ IO READ: ao_num ] <<<<< ..

.. >>>>> [ RES  MEM :       0.002220 GB ] [ VIRT MEM :       0.043324 GB ] <<<<< ..
.. >>>>> [ WALL TIME:       0.003196  s ] [ CPU  TIME:       0.008474  s ] <<<<< ..

.. >>>>> [ IO READ: ao_prim_num ] <<<<< ..

.. >>>>> [ RES  MEM :       0.002563 GB ] [ VIRT MEM :       1.010178 GB ] <<<<< ..
.. >>>>> [ WALL TIME:       0.008813  s ] [ CPU  TIME:       0.032236  s ] <<<<< ..

.. >>>>> [ IO READ: ao_normalized ] <<<<< ..

.. >>>>> [ RES  MEM :       0.002563 GB ] [ VIRT MEM :       1.010178 GB ] <<<<< ..
.. >>>>> [ WALL TIME:       0.010095  s ] [ CPU  TIME:       0.051616  s ] <<<<< ..

.. >>>>> [ IO READ: primitives_normalized ] <<<<< ..

.. >>>>> [ RES  MEM :       0.002563 GB ] [ VIRT MEM :       1.010178 GB ] <<<<< ..
.. >>>>> [ WALL TIME:       0.011219  s ] [ CPU  TIME:       0.068706  s ] <<<<< ..

.. >>>>> [ IO READ: ao_coef ] <<<<< ..

.. >>>>> [ RES  MEM :       0.002819 GB ] [ VIRT MEM :       1.010178 GB ] <<<<< ..
.. >>>>> [ WALL TIME:       0.018000  s ] [ CPU  TIME:       0.170506  s ] <<<<< ..

.. >>>>> [ IO READ: ao_power ] <<<<< ..

.. >>>>> [ RES  MEM :       0.002827 GB ] [ VIRT MEM :       1.010178 GB ] <<<<< ..
.. >>>>> [ WALL TIME:       0.022769  s ] [ CPU  TIME:       0.242218  s ] <<<<< ..

.. >>>>> [ IO READ: ao_expo ] <<<<< ..

.. >>>>> [ RES  MEM :       0.002846 GB ] [ VIRT MEM :       1.010242 GB ] <<<<< ..
.. >>>>> [ WALL TIME:       0.029098  s ] [ CPU  TIME:       0.337369  s ] <<<<< ..

.. >>>>> [ IO READ: ao_nucl ] <<<<< ..

.. >>>>> [ RES  MEM :       0.002979 GB ] [ VIRT MEM :       1.010242 GB ] <<<<< ..
.. >>>>> [ WALL TIME:       0.033711  s ] [ CPU  TIME:       0.406786  s ] <<<<< ..

.. >>>>> [ IO READ: nucl_num ] <<<<< ..

.. >>>>> [ RES  MEM :       0.002979 GB ] [ VIRT MEM :       1.010242 GB ] <<<<< ..
.. >>>>> [ WALL TIME:       0.035059  s ] [ CPU  TIME:       0.427200  s ] <<<<< ..

.. >>>>> [ IO READ: nucl_label ] <<<<< ..

.. >>>>> [ RES  MEM :       0.003025 GB ] [ VIRT MEM :       1.010242 GB ] <<<<< ..
.. >>>>> [ WALL TIME:       0.038597  s ] [ CPU  TIME:       0.480414  s ] <<<<< ..

.. >>>>> [ IO READ: nucl_charge ] <<<<< ..

.. >>>>> [ RES  MEM :       0.003033 GB ] [ VIRT MEM :       1.010242 GB ] <<<<< ..
.. >>>>> [ WALL TIME:       0.042550  s ] [ CPU  TIME:       0.539866  s ] <<<<< ..


.. >>>>> [ RES  MEM :       0.003033 GB ] [ VIRT MEM :       1.010242 GB ] <<<<< ..
.. >>>>> [ WALL TIME:       0.046472  s ] [ CPU  TIME:       0.598854  s ] <<<<< ..


Nuclear Coordinates (Angstroms)
===============================

================ ============ ============ ============ ============
      Atom          Charge          X            Y            Z 
================ ============ ============ ============ ============
B                    5.000000     0.000000     0.000000     0.000000
H                    1.000000     0.000000     0.000000     1.232400
================ ============ ============ ============ ============

Minimal interatomic distance found:       1.2324 Angstrom
* mo_num                                                        69
 Read  mo_coef
 * mo_label          Canonical
* Number of determinants                                         1
.. >>>>> [ IO READ: n_states ] <<<<< ..

.. >>>>> [ RES  MEM :       0.107761 GB ] [ VIRT MEM :       1.115299 GB ] <<<<< ..
.. >>>>> [ WALL TIME:       5.148528  s ] [ CPU  TIME:      82.010106  s ] <<<<< ..

* N_int                                                          2
.. >>>>> [ IO READ: elec_beta_num ] <<<<< ..

.. >>>>> [ RES  MEM :       0.107761 GB ] [ VIRT MEM :       1.115299 GB ] <<<<< ..
.. >>>>> [ WALL TIME:       5.149913  s ] [ CPU  TIME:      82.031177  s ] <<<<< ..

.. >>>>> [ IO READ: elec_alpha_num ] <<<<< ..

.. >>>>> [ RES  MEM :       0.107761 GB ] [ VIRT MEM :       1.115299 GB ] <<<<< ..
.. >>>>> [ WALL TIME:       5.150787  s ] [ CPU  TIME:      82.044448  s ] <<<<< ..

* Dimension of the psi arrays                               100000
* Number of unique beta determinants                             1
* Number of unique alpha determinants                            1
.. >>>>> [ IO READ: weight_one_e_dm ] <<<<< ..

.. >>>>> [ RES  MEM :       0.114658 GB ] [ VIRT MEM :       1.128853 GB ] <<<<< ..
.. >>>>> [ WALL TIME:       5.156699  s ] [ CPU  TIME:      82.136807  s ] <<<<< ..

 sum of integrated_rho =    5.9799047877531830     
 sum of integrated_delta_rho =    0.0000000000000000     
.. >>>>> [ IO READ: io_ao_integrals_overlap ] <<<<< ..

.. >>>>> [ RES  MEM :       0.114796 GB ] [ VIRT MEM :       1.128979 GB ] <<<<< ..
.. >>>>> [ WALL TIME:       5.263748  s ] [ CPU  TIME:      82.697648  s ] <<<<< ..

 Mulliken spin densities
           1   5.0000000000000000        0.0000000000000000     
           2   1.0000000000000000        0.0000000000000000     
 Sum of Mulliken SD =    0.0000000000000000     
 AO SPIN POPULATIONS
   1    B  1    s  0.0000000
   2    B  1    s  0.0000000
   3    B  1    s  0.0000000
   4    B  1    s  0.0000000
   5    B  1    s  0.0000000
   6    B  1    p  0.0000000
   7    B  1    p  0.0000000
   8    B  1    p  0.0000000
   9    B  1    p  0.0000000
  10    B  1    p  0.0000000
  11    B  1    p  0.0000000
  12    B  1    p  0.0000000
  13    B  1    p  0.0000000
  14    B  1    p  0.0000000
  15    B  1    p  0.0000000
  16    B  1    p  0.0000000
  17    B  1    p  0.0000000
  18    B  1    d  0.0000000
  19    B  1    d  0.0000000
  20    B  1    d  0.0000000
  21    B  1    d  0.0000000
  22    B  1    d  0.0000000
  23    B  1    d  0.0000000
  24    B  1    d  0.0000000
  25    B  1    d  0.0000000
  26    B  1    d  0.0000000
  27    B  1    d  0.0000000
  28    B  1    d  0.0000000
  29    B  1    d  0.0000000
  30    B  1    d  0.0000000
  31    B  1    d  0.0000000
  32    B  1    d  0.0000000
  33    B  1    d  0.0000000
  34    B  1    d  0.0000000
  35    B  1    d  0.0000000
  36    B  1    f  0.0000000
  37    B  1    f  0.0000000
  38    B  1    f  0.0000000
  39    B  1    f  0.0000000
  40    B  1    f  0.0000000
  41    B  1    f  0.0000000
  42    B  1    f  0.0000000
  43    B  1    f  0.0000000
  44    B  1    f  0.0000000
  45    B  1    f  0.0000000
  46    B  1    f  0.0000000
  47    B  1    f  0.0000000
  48    B  1    f  0.0000000
  49    B  1    f  0.0000000
  50    B  1    f  0.0000000
  51    B  1    f  0.0000000
  52    B  1    f  0.0000000
  53    B  1    f  0.0000000
  54    B  1    f  0.0000000
  55    B  1    f  0.0000000
  56    H  2    s  0.0000000
  57    H  2    s  0.0000000
  58    H  2    s  0.0000000
  59    H  2    s  0.0000000
  60    H  2    p  0.0000000
  61    H  2    p  0.0000000
  62    H  2    p  0.0000000
  63    H  2    p  0.0000000
  64    H  2    p  0.0000000
  65    H  2    p  0.0000000
  66    H  2    p  0.0000000
  67    H  2    p  0.0000000
  68    H  2    p  0.0000000
  69    H  2    d  0.0000000
  70    H  2    d  0.0000000
  71    H  2    d  0.0000000
  72    H  2    d  0.0000000
  73    H  2    d  0.0000000
  74    H  2    d  0.0000000
  75    H  2    d  0.0000000
  76    H  2    d  0.0000000
  77    H  2    d  0.0000000
  78    H  2    d  0.0000000
  79    H  2    d  0.0000000
  80    H  2    d  0.0000000
 sum =    0.0000000000000000     
 Angular momentum analysis
  s   0.0000000000000000     
 sum =    0.0000000000000000     
  p   0.0000000000000000     
 sum =    0.0000000000000000     
  d   0.0000000000000000     
 sum =    0.0000000000000000     
  f   0.0000000000000000     
 sum =    0.0000000000000000     
 Angular momentum analysis per atom
 Angular momentum analysis
   1    B    s  0.0000000
 sum =    0.0000000000000000     
   1    B    p  0.0000000
 sum =    0.0000000000000000     
   1    B    d  0.0000000
 sum =    0.0000000000000000     
   1    B    f  0.0000000
 sum =    0.0000000000000000     
   2    H    s  0.0000000
 sum =    0.0000000000000000     
   2    H    p  0.0000000
 sum =    0.0000000000000000     
   2    H    d  0.0000000
 sum =    0.0000000000000000     
   2    H    f  0.0000000
 sum =    0.0000000000000000     
 standard_deviation_x  =   5.0258327380787886     
 standard_deviation_y  =   5.0258327380787815     
 standard_deviation_z  =   11.212424954831222     
Wall time: 0:00:07

