Date: 15/01/2021 14:35:44
===============
Quantum Package
===============

Git Commit: merged alors
Git Date  : Sun Nov 8 18:27:57 2020 +0100
Git SHA1  : 2a6581b5fa3146ed2bf8a35d8a8dcfa80a12836f
EZFIO Dir : BH.ezfio


Task server running : tcp://192.168.100.161:41279
.. >>>>> [ IO READ: read_wf ] <<<<< ..

.. >>>>> [ RES  MEM :       0.002151 GB ] [ VIRT MEM :       0.043327 GB ] <<<<< ..
.. >>>>> [ WALL TIME:       0.000325  s ] [ CPU  TIME:       0.008111  s ] <<<<< ..

 Hello world
 N_z_pts =         2200
.. >>>>> [ IO READ: ao_num ] <<<<< ..

.. >>>>> [ RES  MEM :       0.002377 GB ] [ VIRT MEM :       0.043327 GB ] <<<<< ..
.. >>>>> [ WALL TIME:       0.003367  s ] [ CPU  TIME:       0.008597  s ] <<<<< ..

.. >>>>> [ IO READ: ao_prim_num ] <<<<< ..

.. >>>>> [ RES  MEM :       0.002560 GB ] [ VIRT MEM :       1.010181 GB ] <<<<< ..
.. >>>>> [ WALL TIME:       0.009059  s ] [ CPU  TIME:       0.034150  s ] <<<<< ..

.. >>>>> [ IO READ: ao_normalized ] <<<<< ..

.. >>>>> [ RES  MEM :       0.002560 GB ] [ VIRT MEM :       1.010181 GB ] <<<<< ..
.. >>>>> [ WALL TIME:       0.010377  s ] [ CPU  TIME:       0.054111  s ] <<<<< ..

.. >>>>> [ IO READ: primitives_normalized ] <<<<< ..

.. >>>>> [ RES  MEM :       0.002560 GB ] [ VIRT MEM :       1.010181 GB ] <<<<< ..
.. >>>>> [ WALL TIME:       0.011432  s ] [ CPU  TIME:       0.069998  s ] <<<<< ..

.. >>>>> [ IO READ: ao_coef ] <<<<< ..

.. >>>>> [ RES  MEM :       0.002815 GB ] [ VIRT MEM :       1.010181 GB ] <<<<< ..
.. >>>>> [ WALL TIME:       0.017724  s ] [ CPU  TIME:       0.164585  s ] <<<<< ..

.. >>>>> [ IO READ: ao_power ] <<<<< ..

.. >>>>> [ RES  MEM :       0.002823 GB ] [ VIRT MEM :       1.010181 GB ] <<<<< ..
.. >>>>> [ WALL TIME:       0.022570  s ] [ CPU  TIME:       0.237460  s ] <<<<< ..

.. >>>>> [ IO READ: ao_expo ] <<<<< ..

.. >>>>> [ RES  MEM :       0.002842 GB ] [ VIRT MEM :       1.010181 GB ] <<<<< ..
.. >>>>> [ WALL TIME:       0.029413  s ] [ CPU  TIME:       0.340254  s ] <<<<< ..

.. >>>>> [ IO READ: ao_nucl ] <<<<< ..

.. >>>>> [ RES  MEM :       0.002975 GB ] [ VIRT MEM :       1.010288 GB ] <<<<< ..
.. >>>>> [ WALL TIME:       0.034337  s ] [ CPU  TIME:       0.414586  s ] <<<<< ..

.. >>>>> [ IO READ: nucl_num ] <<<<< ..

.. >>>>> [ RES  MEM :       0.002975 GB ] [ VIRT MEM :       1.010288 GB ] <<<<< ..
.. >>>>> [ WALL TIME:       0.040932  s ] [ CPU  TIME:       0.513535  s ] <<<<< ..

.. >>>>> [ IO READ: nucl_label ] <<<<< ..

.. >>>>> [ RES  MEM :       0.003021 GB ] [ VIRT MEM :       1.010288 GB ] <<<<< ..
.. >>>>> [ WALL TIME:       0.044950  s ] [ CPU  TIME:       0.573937  s ] <<<<< ..

.. >>>>> [ IO READ: nucl_charge ] <<<<< ..

.. >>>>> [ RES  MEM :       0.003029 GB ] [ VIRT MEM :       1.010288 GB ] <<<<< ..
.. >>>>> [ WALL TIME:       0.049090  s ] [ CPU  TIME:       0.636201  s ] <<<<< ..


.. >>>>> [ RES  MEM :       0.003029 GB ] [ VIRT MEM :       1.010288 GB ] <<<<< ..
.. >>>>> [ WALL TIME:       0.053201  s ] [ CPU  TIME:       0.698010  s ] <<<<< ..


Nuclear Coordinates (Angstroms)
===============================

================ ============ ============ ============ ============
      Atom          Charge          X            Y            Z 
================ ============ ============ ============ ============
B                    5.000000     0.000000     0.000000     0.000000
H                    1.000000     0.000000     0.000000     1.232400
================ ============ ============ ============ ============

Minimal interatomic distance found:       1.2324 Angstrom
* mo_num                                                        69
 Read  mo_coef
 * mo_label          Natural
* Number of determinants                                    469149
.. >>>>> [ IO READ: n_states ] <<<<< ..

.. >>>>> [ RES  MEM :       0.107712 GB ] [ VIRT MEM :       1.115292 GB ] <<<<< ..
.. >>>>> [ WALL TIME:       5.154834  s ] [ CPU  TIME:      82.102945  s ] <<<<< ..

* N_int                                                          2
.. >>>>> [ IO READ: elec_beta_num ] <<<<< ..

.. >>>>> [ RES  MEM :       0.107712 GB ] [ VIRT MEM :       1.115292 GB ] <<<<< ..
.. >>>>> [ WALL TIME:       5.157105  s ] [ CPU  TIME:      82.137290  s ] <<<<< ..

.. >>>>> [ IO READ: elec_alpha_num ] <<<<< ..

.. >>>>> [ RES  MEM :       0.107712 GB ] [ VIRT MEM :       1.115292 GB ] <<<<< ..
.. >>>>> [ WALL TIME:       5.158193  s ] [ CPU  TIME:      82.153795  s ] <<<<< ..

* Dimension of the psi arrays                               469149
 Read psi_det
* Number of unique beta determinants                          2268
* Number of unique alpha determinants                         2268
 Read psi_coef      469149           1
.. >>>>> [ IO READ: weight_one_e_dm ] <<<<< ..

.. >>>>> [ RES  MEM :       0.246090 GB ] [ VIRT MEM :       1.234104 GB ] <<<<< ..
.. >>>>> [ WALL TIME:      11.127521  s ] [ CPU  TIME:     152.698020  s ] <<<<< ..

 sum of integrated_rho =    5.9837511683198992     
 sum of integrated_delta_rho =   -3.5428250239625890E-008
.. >>>>> [ IO READ: io_ao_integrals_overlap ] <<<<< ..

.. >>>>> [ RES  MEM :       0.246227 GB ] [ VIRT MEM :       1.234104 GB ] <<<<< ..
.. >>>>> [ WALL TIME:      25.915457  s ] [ CPU  TIME:     172.575867  s ] <<<<< ..

 Mulliken spin densities
           1   5.0000000000000000       -1.2634626286435274E-006
           2   1.0000000000000000        1.2634626348085819E-006
 Sum of Mulliken SD =    6.1650545559328298E-015
 AO SPIN POPULATIONS
   1    B  1    s  0.0000000
   2    B  1    s -0.0000002
   3    B  1    s  0.0000000
   4    B  1    s -0.0000012
   5    B  1    s -0.0000002
   6    B  1    p  0.0000000
   7    B  1    p  0.0000000
   8    B  1    p  0.0000000
   9    B  1    p  0.0000000
  10    B  1    p  0.0000000
  11    B  1    p -0.0000000
  12    B  1    p -0.0000000
  13    B  1    p  0.0000000
  14    B  1    p  0.0000002
  15    B  1    p -0.0000000
  16    B  1    p -0.0000000
  17    B  1    p  0.0000001
  18    B  1    d  0.0000000
  19    B  1    d  0.0000000
  20    B  1    d -0.0000000
  21    B  1    d  0.0000000
  22    B  1    d  0.0000000
  23    B  1    d -0.0000000
  24    B  1    d  0.0000000
  25    B  1    d -0.0000000
  26    B  1    d -0.0000000
  27    B  1    d  0.0000000
  28    B  1    d -0.0000000
  29    B  1    d -0.0000001
  30    B  1    d -0.0000000
  31    B  1    d  0.0000000
  32    B  1    d  0.0000000
  33    B  1    d -0.0000000
  34    B  1    d -0.0000000
  35    B  1    d  0.0000000
  36    B  1    f  0.0000000
  37    B  1    f  0.0000000
  38    B  1    f -0.0000000
  39    B  1    f  0.0000000
  40    B  1    f -0.0000000
  41    B  1    f -0.0000000
  42    B  1    f  0.0000000
  43    B  1    f -0.0000000
  44    B  1    f -0.0000000
  45    B  1    f  0.0000000
  46    B  1    f  0.0000000
  47    B  1    f -0.0000000
  48    B  1    f -0.0000000
  49    B  1    f  0.0000000
  50    B  1    f  0.0000000
  51    B  1    f -0.0000000
  52    B  1    f -0.0000000
  53    B  1    f  0.0000000
  54    B  1    f  0.0000000
  55    B  1    f -0.0000000
  56    H  2    s -0.0000001
  57    H  2    s  0.0000002
  58    H  2    s  0.0000003
  59    H  2    s  0.0000004
  60    H  2    p  0.0000000
  61    H  2    p  0.0000000
  62    H  2    p  0.0000000
  63    H  2    p -0.0000000
  64    H  2    p -0.0000000
  65    H  2    p  0.0000001
  66    H  2    p  0.0000000
  67    H  2    p -0.0000000
  68    H  2    p  0.0000004
  69    H  2    d -0.0000000
  70    H  2    d -0.0000000
  71    H  2    d -0.0000000
  72    H  2    d -0.0000000
  73    H  2    d -0.0000000
  74    H  2    d  0.0000000
  75    H  2    d -0.0000000
  76    H  2    d -0.0000000
  77    H  2    d  0.0000000
  78    H  2    d -0.0000000
  79    H  2    d  0.0000000
  80    H  2    d  0.0000000
 sum =    6.1650543074943027E-015
 Angular momentum analysis
  s  -7.2735057158546046E-007
 sum =   -7.2735057158546046E-007
  p   7.6476928694320045E-007
 sum =    3.7418715357739995E-008
  d  -3.5842573183607902E-008
 sum =    1.5761421741320929E-009
  f  -1.5761360090781462E-009
 sum =    6.1650539467143087E-015
 Angular momentum analysis per atom
 Angular momentum analysis
   1    B    s -0.0000016
 sum =   -1.5757406766162975E-006
   1    B    p  0.0000003
 sum =   -1.2302583841702878E-006
   1    B    d -0.0000000
 sum =   -1.2618864926344493E-006
   1    B    f -0.0000000
 sum =   -1.2634626286435276E-006
   2    H    s  0.0000008
 sum =    8.4839010503083729E-007
   2    H    p  0.0000004
 sum =    1.2676770995280280E-006
   2    H    d -0.0000000
 sum =    1.2634626348085815E-006
   2    H    f  0.0000000
 sum =    1.2634626348085815E-006
 standard_deviation_x  =   4.9817320874701174     
 standard_deviation_y  =   4.9817337672348545     
 standard_deviation_z  =   10.723763759820638     
Wall time: 0:00:28

